mode: atomic
diploma/modules/auth/jwt/jwt.go:24.54,28.2 1 5
diploma/modules/auth/jwt/jwt.go:37.44,39.2 1 0
diploma/modules/auth/jwt/jwt.go:41.108,43.16 2 3
diploma/modules/auth/jwt/jwt.go:43.16,45.3 1 0
diploma/modules/auth/jwt/jwt.go:47.2,48.16 2 3
diploma/modules/auth/jwt/jwt.go:48.16,50.3 1 0
diploma/modules/auth/jwt/jwt.go:52.2,52.39 1 3
diploma/modules/auth/jwt/jwt.go:55.109,58.2 2 4
diploma/modules/auth/jwt/jwt.go:60.108,63.2 2 3
diploma/modules/auth/jwt/jwt.go:65.125,77.2 3 8
diploma/modules/auth/jwt/jwt.go:79.81,80.105 1 2
diploma/modules/auth/jwt/jwt.go:80.105,82.3 1 1
diploma/modules/auth/jwt/jwt.go:83.2,83.16 1 2
diploma/modules/auth/jwt/jwt.go:83.16,85.3 1 1
diploma/modules/auth/jwt/jwt.go:87.2,88.25 2 1
diploma/modules/auth/jwt/jwt.go:88.25,90.3 1 0
diploma/modules/auth/jwt/jwt.go:92.2,93.16 2 1
diploma/modules/auth/jwt/jwt.go:93.16,95.3 1 0
diploma/modules/auth/jwt/jwt.go:96.2,96.28 1 1
diploma/modules/auth/jwt/jwt.go:99.71,100.101 1 6
diploma/modules/auth/jwt/jwt.go:100.101,102.58 1 5
diploma/modules/auth/jwt/jwt.go:102.58,104.4 1 0
diploma/modules/auth/jwt/jwt.go:105.3,105.24 1 5
diploma/modules/auth/jwt/jwt.go:108.2,108.16 1 6
diploma/modules/auth/jwt/jwt.go:108.16,109.42 1 3
diploma/modules/auth/jwt/jwt.go:109.42,111.4 1 1
diploma/modules/auth/jwt/jwt.go:112.3,112.30 1 2
diploma/modules/auth/jwt/jwt.go:115.2,116.25 2 3
diploma/modules/auth/jwt/jwt.go:116.25,118.3 1 0
diploma/modules/auth/jwt/jwt.go:119.2,119.20 1 3
diploma/modules/auth/jwt/jwt.go:122.62,124.22 2 4
diploma/modules/auth/jwt/jwt.go:124.22,126.3 1 1
diploma/modules/auth/jwt/jwt.go:128.2,129.45 2 3
diploma/modules/auth/jwt/jwt.go:129.45,131.3 1 2
diploma/modules/auth/jwt/jwt.go:132.2,132.22 1 1
diploma/txt.go:20.13,26.82 5 0
diploma/txt.go:26.82,27.17 1 0
diploma/txt.go:27.17,29.4 1 0
diploma/txt.go:30.3,31.64 2 0
diploma/txt.go:31.64,33.4 1 0
diploma/txt.go:34.3,34.16 1 0
diploma/txt.go:34.16,36.4 1 0
diploma/txt.go:37.3,37.55 1 0
diploma/txt.go:37.55,38.43 1 0
diploma/txt.go:38.43,40.5 1 0
diploma/txt.go:41.4,41.43 1 0
diploma/txt.go:41.43,43.5 1 0
diploma/txt.go:49.4,52.6 1 0
diploma/txt.go:54.3,54.13 1 0
diploma/txt.go:57.2,57.16 1 0
diploma/txt.go:57.16,58.13 1 0
diploma/txt.go:61.2,63.42 2 0
diploma/txt.go:63.42,65.3 1 0
diploma/txt.go:67.2,68.16 2 0
diploma/txt.go:68.16,69.13 1 0
diploma/txt.go:71.2,78.32 6 0
diploma/txt.go:78.32,82.3 3 0
diploma/txt.go:83.2,87.71 3 0
diploma/txt.go:90.35,92.16 2 0
diploma/txt.go:92.16,94.3 1 0
diploma/txt.go:95.2,95.24 1 0
diploma/txt.go:98.46,100.27 2 0
diploma/txt.go:100.27,102.3 1 0
diploma/txt.go:103.2,104.27 2 0
diploma/txt.go:104.27,107.32 3 0
diploma/txt.go:107.32,108.20 1 0
diploma/txt.go:108.20,109.13 1 0
diploma/txt.go:111.4,112.67 2 0
diploma/txt.go:117.66,119.16 2 0
diploma/txt.go:119.16,120.13 1 0
diploma/txt.go:122.2,128.16 5 0
diploma/txt.go:128.16,129.13 1 0
diploma/txt.go:133.2,134.16 2 0
diploma/txt.go:134.16,135.13 1 0
diploma/txt.go:139.2,140.16 2 0
diploma/txt.go:140.16,141.13 1 0
diploma/txt.go:144.2,144.77 1 0
diploma/internal/app/app.go:31.48,34.47 2 0
diploma/internal/app/app.go:34.47,36.3 1 0
diploma/internal/app/app.go:37.2,41.16 4 0
diploma/internal/app/app.go:41.16,43.3 1 0
diploma/internal/app/app.go:45.2,45.17 1 0
diploma/internal/app/app.go:48.27,52.12 3 0
diploma/internal/app/app.go:52.12,54.43 2 0
diploma/internal/app/app.go:54.43,56.4 1 0
diploma/internal/app/app.go:59.2,60.12 2 0
diploma/internal/app/app.go:63.51,70.26 2 0
diploma/internal/app/app.go:70.26,72.17 2 0
diploma/internal/app/app.go:72.17,74.4 1 0
diploma/internal/app/app.go:77.2,77.12 1 0
diploma/internal/app/app.go:80.51,84.2 2 0
diploma/internal/app/app.go:86.60,89.2 2 0
diploma/internal/app/app.go:91.57,103.34 4 0
diploma/internal/app/app.go:103.34,106.3 2 0
diploma/internal/app/app.go:109.2,149.12 28 0
diploma/internal/app/app.go:152.37,156.2 3 0
diploma/internal/app/service_provider.go:118.44,120.2 1 0
diploma/internal/app/service_provider.go:122.54,123.23 1 0
diploma/internal/app/service_provider.go:123.23,125.17 2 0
diploma/internal/app/service_provider.go:125.17,127.4 1 0
diploma/internal/app/service_provider.go:129.3,129.19 1 0
diploma/internal/app/service_provider.go:132.2,132.19 1 0
diploma/internal/app/service_provider.go:135.56,136.24 1 0
diploma/internal/app/service_provider.go:136.24,138.17 2 0
diploma/internal/app/service_provider.go:138.17,140.4 1 0
diploma/internal/app/service_provider.go:142.3,142.20 1 0
diploma/internal/app/service_provider.go:145.2,145.20 1 0
diploma/internal/app/service_provider.go:148.58,149.25 1 0
diploma/internal/app/service_provider.go:149.25,151.17 2 0
diploma/internal/app/service_provider.go:151.17,153.4 1 0
diploma/internal/app/service_provider.go:155.3,155.21 1 0
diploma/internal/app/service_provider.go:158.2,158.21 1 0
diploma/internal/app/service_provider.go:161.64,162.28 1 0
diploma/internal/app/service_provider.go:162.28,164.17 2 0
diploma/internal/app/service_provider.go:164.17,166.4 1 0
diploma/internal/app/service_provider.go:168.3,168.24 1 0
diploma/internal/app/service_provider.go:171.2,171.24 1 0
diploma/internal/app/service_provider.go:174.64,175.28 1 0
diploma/internal/app/service_provider.go:175.28,177.17 2 0
diploma/internal/app/service_provider.go:177.17,179.4 1 0
diploma/internal/app/service_provider.go:181.3,181.24 1 0
diploma/internal/app/service_provider.go:184.2,184.24 1 0
diploma/internal/app/service_provider.go:187.60,188.26 1 0
diploma/internal/app/service_provider.go:188.26,190.17 2 0
diploma/internal/app/service_provider.go:190.17,192.4 1 0
diploma/internal/app/service_provider.go:194.3,194.22 1 0
diploma/internal/app/service_provider.go:197.2,197.22 1 0
diploma/internal/app/service_provider.go:200.67,201.23 1 0
diploma/internal/app/service_provider.go:201.23,203.17 2 0
diploma/internal/app/service_provider.go:203.17,205.4 1 0
diploma/internal/app/service_provider.go:207.3,208.17 2 0
diploma/internal/app/service_provider.go:208.17,210.4 1 0
diploma/internal/app/service_provider.go:211.3,213.18 2 0
diploma/internal/app/service_provider.go:216.2,216.19 1 0
diploma/internal/app/service_provider.go:219.71,220.24 1 0
diploma/internal/app/service_provider.go:220.24,222.3 1 0
diploma/internal/app/service_provider.go:224.2,224.20 1 0
diploma/internal/app/service_provider.go:227.88,228.26 1 0
diploma/internal/app/service_provider.go:228.26,230.3 1 0
diploma/internal/app/service_provider.go:231.2,231.36 1 0
diploma/internal/app/service_provider.go:231.36,238.3 2 0
diploma/internal/app/service_provider.go:239.2,239.32 1 0
diploma/internal/app/service_provider.go:243.91,244.29 1 0
diploma/internal/app/service_provider.go:244.29,246.3 1 0
diploma/internal/app/service_provider.go:248.2,248.25 1 0
diploma/internal/app/service_provider.go:251.74,252.22 1 0
diploma/internal/app/service_provider.go:252.22,254.3 1 0
diploma/internal/app/service_provider.go:256.2,256.18 1 0
diploma/internal/app/service_provider.go:259.81,260.26 1 0
diploma/internal/app/service_provider.go:260.26,262.3 1 0
diploma/internal/app/service_provider.go:264.2,264.22 1 0
diploma/internal/app/service_provider.go:267.81,268.26 1 0
diploma/internal/app/service_provider.go:268.26,270.3 1 0
diploma/internal/app/service_provider.go:272.2,272.22 1 0
diploma/internal/app/service_provider.go:275.93,276.28 1 0
diploma/internal/app/service_provider.go:276.28,278.3 1 0
diploma/internal/app/service_provider.go:280.2,280.24 1 0
diploma/internal/app/service_provider.go:285.100,286.32 1 0
diploma/internal/app/service_provider.go:286.32,288.3 1 0
diploma/internal/app/service_provider.go:290.2,290.28 1 0
diploma/internal/app/service_provider.go:293.94,294.29 1 0
diploma/internal/app/service_provider.go:294.29,296.3 1 0
diploma/internal/app/service_provider.go:298.2,298.25 1 0
diploma/internal/app/service_provider.go:301.90,302.29 1 0
diploma/internal/app/service_provider.go:302.29,304.3 1 0
diploma/internal/app/service_provider.go:306.2,306.25 1 0
diploma/internal/app/service_provider.go:311.97,312.33 1 0
diploma/internal/app/service_provider.go:312.33,314.3 1 0
diploma/internal/app/service_provider.go:316.2,316.29 1 0
diploma/internal/app/service_provider.go:319.97,320.30 1 0
diploma/internal/app/service_provider.go:320.30,322.3 1 0
diploma/internal/app/service_provider.go:324.2,324.26 1 0
diploma/internal/app/service_provider.go:329.85,330.29 1 0
diploma/internal/app/service_provider.go:330.29,332.3 1 0
diploma/internal/app/service_provider.go:334.2,334.25 1 0
diploma/internal/app/service_provider.go:338.95,339.33 1 0
diploma/internal/app/service_provider.go:339.33,341.3 1 0
diploma/internal/app/service_provider.go:343.2,343.29 1 0
diploma/internal/app/service_provider.go:346.89,347.30 1 0
diploma/internal/app/service_provider.go:347.30,349.3 1 0
diploma/internal/app/service_provider.go:351.2,351.26 1 0
diploma/internal/app/service_provider.go:354.93,355.32 1 0
diploma/internal/app/service_provider.go:355.32,357.3 1 0
diploma/internal/app/service_provider.go:359.2,359.28 1 0
diploma/internal/app/service_provider.go:362.83,363.30 1 0
diploma/internal/app/service_provider.go:363.30,365.3 1 0
diploma/internal/app/service_provider.go:367.2,367.26 1 0
diploma/internal/app/service_provider.go:370.81,371.26 1 0
diploma/internal/app/service_provider.go:371.26,373.3 1 0
diploma/internal/app/service_provider.go:375.2,375.22 1 0
diploma/internal/app/service_provider.go:378.81,379.26 1 0
diploma/internal/app/service_provider.go:379.26,381.3 1 0
diploma/internal/app/service_provider.go:383.2,383.22 1 0
diploma/internal/app/service_provider.go:388.97,389.34 1 0
diploma/internal/app/service_provider.go:389.34,391.3 1 0
diploma/internal/app/service_provider.go:393.2,393.30 1 0
diploma/internal/app/service_provider.go:396.95,397.33 1 0
diploma/internal/app/service_provider.go:397.33,399.3 1 0
diploma/internal/app/service_provider.go:401.2,401.29 1 0
diploma/internal/app/service_provider.go:404.88,405.30 1 0
diploma/internal/app/service_provider.go:405.30,407.3 1 0
diploma/internal/app/service_provider.go:409.2,409.26 1 0
diploma/internal/app/service_provider.go:412.88,413.27 1 0
diploma/internal/app/service_provider.go:413.27,423.3 1 0
diploma/internal/app/service_provider.go:425.2,425.23 1 0
diploma/internal/app/service_provider.go:428.87,429.27 1 0
diploma/internal/app/service_provider.go:429.27,431.3 1 0
diploma/internal/app/service_provider.go:433.2,433.23 1 0
diploma/internal/app/service_provider.go:436.96,437.31 1 0
diploma/internal/app/service_provider.go:437.31,439.3 1 0
diploma/internal/app/service_provider.go:440.2,440.27 1 0
diploma/internal/app/service_provider.go:443.97,444.34 1 0
diploma/internal/app/service_provider.go:444.34,446.3 1 0
diploma/internal/app/service_provider.go:447.2,447.30 1 0
diploma/internal/app/service_provider.go:450.97,451.34 1 0
diploma/internal/app/service_provider.go:451.34,453.3 1 0
diploma/internal/app/service_provider.go:454.2,454.30 1 0
diploma/internal/app/service_provider.go:457.85,458.29 1 0
diploma/internal/app/service_provider.go:458.29,460.3 1 0
diploma/internal/app/service_provider.go:462.2,462.25 1 0
diploma/internal/app/service_provider.go:465.81,466.26 1 0
diploma/internal/app/service_provider.go:466.26,468.3 1 0
diploma/internal/app/service_provider.go:470.2,470.22 1 0
diploma/internal/app/service_provider.go:473.81,474.26 1 0
diploma/internal/app/service_provider.go:474.26,476.3 1 0
diploma/internal/app/service_provider.go:478.2,478.22 1 0
diploma/internal/app/service_provider.go:481.88,482.27 1 0
diploma/internal/app/service_provider.go:482.27,484.3 1 0
diploma/internal/app/service_provider.go:485.2,485.23 1 0
diploma/internal/app/service_provider.go:488.89,489.30 1 0
diploma/internal/app/service_provider.go:489.30,491.3 1 0
diploma/internal/app/service_provider.go:492.2,492.26 1 0
diploma/internal/app/service_provider.go:495.89,496.30 1 0
diploma/internal/app/service_provider.go:496.30,498.3 1 0
diploma/internal/app/service_provider.go:499.2,499.26 1 0
diploma/internal/app/service_provider.go:502.98,503.30 1 0
diploma/internal/app/service_provider.go:503.30,505.3 1 0
diploma/internal/app/service_provider.go:506.2,506.26 1 0
diploma/modules/auth/middleware/auth.go:13.59,14.30 1 5
diploma/modules/auth/middleware/auth.go:14.30,16.17 2 5
diploma/modules/auth/middleware/auth.go:16.17,20.4 3 2
diploma/modules/auth/middleware/auth.go:21.3,22.17 2 3
diploma/modules/auth/middleware/auth.go:22.17,26.4 3 2
diploma/modules/auth/middleware/auth.go:28.3,31.11 3 1
diploma/modules/auth/middleware/server.go:16.57,20.2 1 5
diploma/cmd/main.go:19.13,23.16 3 0
diploma/cmd/main.go:23.16,25.3 1 0
diploma/cmd/main.go:27.2,28.16 2 0
diploma/cmd/main.go:28.16,30.3 1 0
diploma/cmd/main.go:33.2,33.19 1 0
diploma/internal/config/config.go:10.30,14.2 1 0
diploma/internal/config/config.go:17.46,18.48 1 0
diploma/internal/config/config.go:18.48,20.3 1 0
diploma/internal/config/config.go:21.2,21.21 1 0
diploma/internal/config/http.go:24.42,26.20 2 0
diploma/internal/config/http.go:26.20,28.3 1 0
diploma/internal/config/http.go:30.2,31.20 2 0
diploma/internal/config/http.go:31.20,33.3 1 0
diploma/internal/config/http.go:35.2,38.8 1 0
diploma/internal/config/http.go:41.41,43.2 1 0
diploma/internal/config/jwt.go:21.40,23.25 2 0
diploma/internal/config/jwt.go:23.25,25.3 1 0
diploma/internal/config/jwt.go:27.2,29.8 1 0
diploma/internal/config/jwt.go:32.45,34.2 1 0
diploma/internal/config/payment.go:30.48,32.27 2 0
diploma/internal/config/payment.go:32.27,34.3 1 0
diploma/internal/config/payment.go:35.2,36.26 2 0
diploma/internal/config/payment.go:36.26,38.3 1 0
diploma/internal/config/payment.go:39.2,40.32 2 0
diploma/internal/config/payment.go:40.32,42.3 1 0
diploma/internal/config/payment.go:44.2,45.27 2 0
diploma/internal/config/payment.go:45.27,47.3 1 0
diploma/internal/config/payment.go:49.2,55.8 2 0
diploma/internal/config/payment.go:58.48,60.2 1 0
diploma/internal/config/payment.go:62.47,64.2 1 0
diploma/internal/config/payment.go:66.53,68.2 1 0
diploma/internal/config/payment.go:70.48,72.2 1 0
diploma/internal/config/pg.go:21.38,24.19 2 0
diploma/internal/config/pg.go:24.19,26.3 1 0
diploma/internal/config/pg.go:27.2,30.8 2 0
diploma/internal/config/pg.go:33.35,35.2 1 0
diploma/internal/config/reddis.go:34.44,36.16 2 0
diploma/internal/config/reddis.go:36.16,38.3 1 0
diploma/internal/config/reddis.go:40.2,41.16 2 0
diploma/internal/config/reddis.go:41.16,43.3 1 0
diploma/internal/config/reddis.go:45.2,47.23 2 0
diploma/internal/config/reddis.go:47.23,49.3 1 0
diploma/internal/config/reddis.go:51.2,52.16 2 0
diploma/internal/config/reddis.go:52.16,54.3 1 0
diploma/internal/config/reddis.go:57.2,64.8 2 0
diploma/internal/config/reddis.go:68.39,70.2 1 0
diploma/internal/config/reddis.go:73.43,75.2 1 0
diploma/internal/config/reddis.go:76.43,78.2 1 0
diploma/internal/config/swagger.go:24.48,26.20 2 0
diploma/internal/config/swagger.go:26.20,28.3 1 0
diploma/internal/config/swagger.go:30.2,31.20 2 0
diploma/internal/config/swagger.go:31.20,33.3 1 0
diploma/internal/config/swagger.go:35.2,38.8 1 0
diploma/internal/config/swagger.go:41.44,43.2 1 0
diploma/modules/auth/service/auth/register.go:13.87,19.16 5 3
diploma/modules/auth/service/auth/register.go:19.16,22.3 2 0
diploma/modules/auth/service/auth/register.go:24.2,24.39 1 3
diploma/modules/auth/service/auth/register.go:24.39,27.3 2 1
diploma/modules/auth/service/auth/register.go:29.2,29.71 1 2
diploma/modules/auth/service/auth/register.go:29.71,32.19 3 2
diploma/modules/auth/service/auth/register.go:32.19,35.4 2 1
diploma/modules/auth/service/auth/register.go:37.3,38.19 2 1
diploma/modules/auth/service/auth/register.go:38.19,41.4 2 0
diploma/modules/auth/service/auth/register.go:43.3,43.13 1 1
diploma/modules/auth/service/auth/register.go:46.2,46.16 1 2
diploma/modules/auth/service/auth/register.go:46.16,48.3 1 1
diploma/modules/auth/service/auth/register.go:50.2,55.16 2 1
diploma/modules/auth/service/auth/register.go:58.137,62.16 3 3
diploma/modules/auth/service/auth/register.go:62.16,63.38 1 1
diploma/modules/auth/service/auth/register.go:63.38,66.4 2 1
diploma/modules/auth/service/auth/register.go:67.3,68.21 2 0
diploma/modules/auth/service/auth/register.go:71.2,71.72 1 2
diploma/modules/auth/service/auth/register.go:71.72,74.3 2 1
diploma/modules/auth/service/auth/register.go:76.2,77.16 2 1
diploma/modules/auth/service/auth/register.go:77.16,80.3 2 0
diploma/modules/auth/service/auth/register.go:82.2,88.39 2 1
diploma/modules/auth/service/auth/service.go:21.13,28.2 1 6
diploma/internal/testutils/mock_db.go:17.38,19.16 2 0
diploma/internal/testutils/mock_db.go:19.16,21.3 1 0
diploma/internal/testutils/mock_db.go:23.2,26.3 1 0
diploma/internal/testutils/mock_db.go:30.32,32.2 1 0
diploma/internal/testutils/mock_db.go:35.46,37.2 1 0
diploma/internal/testutils/mock_db.go:40.50,43.20 2 0
diploma/internal/testutils/mock_db.go:43.20,44.52 1 0
diploma/internal/testutils/mock_db.go:44.52,46.4 1 0
diploma/internal/testutils/mock_db.go:47.3,47.15 1 0
diploma/internal/testutils/mock_db.go:50.2,50.22 1 0
diploma/internal/testutils/test_helper.go:27.58,29.2 1 0
diploma/internal/testutils/test_helper.go:32.54,34.2 1 0
diploma/internal/testutils/test_helper.go:37.81,39.2 1 0
diploma/internal/testutils/test_helper.go:42.85,44.2 1 0
diploma/internal/testutils/test_helper.go:47.102,49.2 1 0
diploma/internal/testutils/test_helper.go:52.92,54.2 1 0
diploma/internal/testutils/test_helper.go:57.83,59.2 1 0
diploma/modules/auth/routes.go:9.70,11.2 2 0
diploma/modules/auth/routes.go:11.2,14.3 2 0
diploma/docs/docs.go:2517.13,2519.2 1 0
diploma/modules/auth/handler/converter/user.go:8.78,16.2 1 0
diploma/modules/auth/handler/login.go:23.45,29.48 2 0
diploma/modules/auth/handler/login.go:29.48,32.3 2 0
diploma/modules/auth/handler/login.go:34.2,37.19 3 0
diploma/modules/auth/handler/login.go:37.19,40.3 2 0
diploma/modules/auth/handler/login.go:42.2,43.16 2 0
diploma/modules/auth/handler/login.go:43.16,46.3 2 0
diploma/modules/auth/handler/login.go:48.2,51.4 1 0
diploma/modules/auth/handler/register.go:26.48,33.48 2 0
diploma/modules/auth/handler/register.go:33.48,36.3 2 0
diploma/modules/auth/handler/register.go:38.2,43.19 5 0
diploma/modules/auth/handler/register.go:43.19,46.3 2 0
diploma/modules/auth/handler/register.go:47.2,50.16 4 0
diploma/modules/auth/handler/register.go:50.16,53.3 2 0
diploma/modules/auth/handler/register.go:55.2,59.4 2 0
diploma/modules/auth/handler/server.go:12.52,14.2 1 0
diploma/modules/auth/repository/user/converter/user.go:8.55,15.2 1 0
diploma/modules/auth/repository/user/converter/user.go:17.67,23.2 1 0
diploma/modules/auth/repository/user/converter/user.go:25.67,31.2 1 0
diploma/modules/cart/client/order/order.go:15.63,17.2 1 0
diploma/modules/cart/client/order/order.go:19.129,22.64 3 0
diploma/modules/cart/client/order/order.go:22.64,24.3 1 0
diploma/modules/cart/client/order/order.go:26.2,26.12 1 0
diploma/modules/cart/client/order/order.go:29.105,31.42 2 0
diploma/modules/cart/client/order/order.go:31.42,43.3 2 0
diploma/modules/cart/client/order/order.go:44.2,44.12 1 0
diploma/modules/cart/client/order/order.go:47.97,49.34 2 0
diploma/modules/cart/client/order/order.go:49.34,55.3 1 0
diploma/modules/cart/client/order/order.go:56.2,56.22 1 0
diploma/modules/cart/routes.go:9.70,11.2 2 0
diploma/modules/cart/routes.go:11.2,17.3 5 0
diploma/modules/cart/routes.go:21.76,23.2 2 0
diploma/modules/cart/routes.go:23.2,25.3 1 0
diploma/modules/cart/routes.go:28.78,30.2 2 0
diploma/modules/cart/routes.go:30.2,32.3 1 0
diploma/modules/auth/repository/user/reposotiry.go:34.40,36.2 1 0
diploma/modules/auth/repository/user/reposotiry.go:38.81,46.16 3 0
diploma/modules/auth/repository/user/reposotiry.go:46.16,48.3 1 0
diploma/modules/auth/repository/user/reposotiry.go:50.2,57.16 4 0
diploma/modules/auth/repository/user/reposotiry.go:57.16,59.3 1 0
diploma/modules/auth/repository/user/reposotiry.go:61.2,61.16 1 0
diploma/modules/auth/repository/user/reposotiry.go:64.76,72.16 3 0
diploma/modules/auth/repository/user/reposotiry.go:72.16,74.3 1 0
diploma/modules/auth/repository/user/reposotiry.go:76.2,84.16 5 0
diploma/modules/auth/repository/user/reposotiry.go:84.16,85.69 1 0
diploma/modules/auth/repository/user/reposotiry.go:85.69,87.4 1 0
diploma/modules/auth/repository/user/reposotiry.go:88.3,88.18 1 0
diploma/modules/auth/repository/user/reposotiry.go:90.2,92.45 2 0
diploma/modules/auth/repository/user/reposotiry.go:95.99,103.16 3 0
diploma/modules/auth/repository/user/reposotiry.go:103.16,105.3 1 0
diploma/modules/auth/repository/user/reposotiry.go:107.2,115.16 5 0
diploma/modules/auth/repository/user/reposotiry.go:115.16,116.69 1 0
diploma/modules/auth/repository/user/reposotiry.go:116.69,118.4 1 0
diploma/modules/auth/repository/user/reposotiry.go:119.3,119.18 1 0
diploma/modules/auth/repository/user/reposotiry.go:121.2,123.49 2 0
diploma/modules/auth/repository/user/reposotiry.go:126.60,132.16 3 0
diploma/modules/auth/repository/user/reposotiry.go:132.16,134.3 1 0
diploma/modules/auth/repository/user/reposotiry.go:136.2,142.16 3 0
diploma/modules/auth/repository/user/reposotiry.go:142.16,144.3 1 0
diploma/modules/auth/repository/user/reposotiry.go:146.2,146.12 1 0
diploma/modules/auth/repository/user/reposotiry.go:149.82,155.21 2 0
diploma/modules/auth/repository/user/reposotiry.go:155.21,157.3 1 0
diploma/modules/auth/repository/user/reposotiry.go:158.2,158.28 1 0
diploma/modules/auth/repository/user/reposotiry.go:158.28,160.3 1 0
diploma/modules/auth/repository/user/reposotiry.go:162.2,163.16 2 0
diploma/modules/auth/repository/user/reposotiry.go:163.16,165.3 1 0
diploma/modules/auth/repository/user/reposotiry.go:167.2,173.16 3 0
diploma/modules/auth/repository/user/reposotiry.go:173.16,175.3 1 0
diploma/modules/auth/repository/user/reposotiry.go:176.2,176.12 1 0
diploma/modules/cart/client/payment/payment.go:22.101,29.2 1 0
diploma/modules/cart/client/payment/payment.go:31.117,48.16 5 0
diploma/modules/cart/client/payment/payment.go:48.16,50.3 1 0
diploma/modules/cart/client/payment/payment.go:52.2,53.16 2 0
diploma/modules/cart/client/payment/payment.go:53.16,55.3 1 0
diploma/modules/cart/client/payment/payment.go:56.2,59.16 3 0
diploma/modules/cart/client/payment/payment.go:59.16,61.3 1 0
diploma/modules/cart/client/payment/payment.go:62.2,62.38 1 0
diploma/modules/cart/client/payment/payment.go:62.38,64.3 1 0
diploma/modules/cart/client/payment/payment.go:65.2,66.58 2 0
diploma/modules/cart/client/payment/payment.go:66.58,68.3 1 0
diploma/modules/cart/client/payment/payment.go:70.2,70.68 1 0
diploma/modules/cart/client/payment/payment.go:73.85,89.2 5 0
diploma/modules/cart/client/payment/converter/checkout.go:8.94,11.9 2 0
diploma/modules/cart/client/payment/converter/checkout.go:11.9,13.3 1 0
diploma/modules/cart/client/payment/converter/checkout.go:14.2,15.9 2 0
diploma/modules/cart/client/payment/converter/checkout.go:15.9,17.3 1 0
diploma/modules/cart/client/payment/converter/checkout.go:18.2,19.9 2 0
diploma/modules/cart/client/payment/converter/checkout.go:19.9,21.3 1 0
diploma/modules/cart/client/payment/converter/checkout.go:23.2,27.8 1 0
diploma/modules/cart/service/cart.go:11.91,19.72 2 1
diploma/modules/cart/service/cart.go:19.72,21.19 2 1
diploma/modules/cart/service/cart.go:21.19,22.41 1 1
diploma/modules/cart/service/cart.go:22.41,26.21 3 1
diploma/modules/cart/service/cart.go:26.21,29.6 2 0
diploma/modules/cart/service/cart.go:31.5,36.6 1 1
diploma/modules/cart/service/cart.go:37.10,40.5 2 0
diploma/modules/cart/service/cart.go:43.3,46.19 3 1
diploma/modules/cart/service/cart.go:46.19,52.4 2 0
diploma/modules/cart/service/cart.go:54.3,55.19 2 1
diploma/modules/cart/service/cart.go:55.19,56.41 1 1
diploma/modules/cart/service/cart.go:56.41,64.21 3 1
diploma/modules/cart/service/cart.go:64.21,67.6 2 0
diploma/modules/cart/service/cart.go:68.10,71.5 2 0
diploma/modules/cart/service/cart.go:72.9,83.20 4 0
diploma/modules/cart/service/cart.go:83.20,86.5 2 0
diploma/modules/cart/service/cart.go:89.3,91.19 3 1
diploma/modules/cart/service/cart.go:91.19,94.4 2 0
diploma/modules/cart/service/cart.go:96.3,96.13 1 1
diploma/modules/cart/service/cart.go:98.2,98.16 1 1
diploma/modules/cart/service/cart.go:98.16,100.3 1 0
diploma/modules/cart/service/cart.go:102.2,107.12 2 1
diploma/modules/cart/service/cart.go:110.81,116.71 4 1
diploma/modules/cart/service/cart.go:116.71,120.19 3 1
diploma/modules/cart/service/cart.go:120.19,121.41 1 0
diploma/modules/cart/service/cart.go:121.41,125.21 3 0
diploma/modules/cart/service/cart.go:125.21,128.6 2 0
diploma/modules/cart/service/cart.go:130.5,136.15 2 0
diploma/modules/cart/service/cart.go:139.4,140.16 2 0
diploma/modules/cart/service/cart.go:143.3,144.19 2 1
diploma/modules/cart/service/cart.go:144.19,145.41 1 0
diploma/modules/cart/service/cart.go:145.41,150.5 4 0
diploma/modules/cart/service/cart.go:152.4,153.16 2 0
diploma/modules/cart/service/cart.go:156.3,156.31 1 1
diploma/modules/cart/service/cart.go:156.31,159.4 2 0
diploma/modules/cart/service/cart.go:161.3,162.43 2 1
diploma/modules/cart/service/cart.go:162.43,164.4 1 1
diploma/modules/cart/service/cart.go:166.3,167.19 2 1
diploma/modules/cart/service/cart.go:167.19,170.4 2 0
diploma/modules/cart/service/cart.go:172.3,173.38 2 1
diploma/modules/cart/service/cart.go:173.38,175.4 1 1
diploma/modules/cart/service/cart.go:177.3,177.33 1 1
diploma/modules/cart/service/cart.go:177.33,178.68 1 1
diploma/modules/cart/service/cart.go:178.68,183.5 4 1
diploma/modules/cart/service/cart.go:185.4,185.102 1 1
diploma/modules/cart/service/cart.go:188.3,189.43 2 1
diploma/modules/cart/service/cart.go:189.43,191.4 1 1
diploma/modules/cart/service/cart.go:192.3,194.13 2 1
diploma/modules/cart/service/cart.go:196.2,196.16 1 1
diploma/modules/cart/service/cart.go:196.16,198.3 1 0
diploma/modules/cart/service/cart.go:200.2,206.18 2 1
diploma/modules/cart/service/cart.go:209.78,211.35 2 2
diploma/modules/cart/service/cart.go:211.35,213.3 1 2
diploma/modules/cart/service/cart.go:215.2,215.54 1 2
diploma/modules/cart/service/cart.go:215.54,217.3 1 2
diploma/modules/cart/service/cart.go:219.2,219.14 1 2
diploma/modules/cart/service/cart.go:222.96,230.72 2 0
diploma/modules/cart/service/cart.go:230.72,232.19 2 0
diploma/modules/cart/service/cart.go:232.19,233.41 1 0
diploma/modules/cart/service/cart.go:233.41,236.5 2 0
diploma/modules/cart/service/cart.go:238.4,239.16 2 0
diploma/modules/cart/service/cart.go:242.3,245.19 3 0
diploma/modules/cart/service/cart.go:245.19,246.41 1 0
diploma/modules/cart/service/cart.go:246.41,253.5 2 0
diploma/modules/cart/service/cart.go:255.4,256.16 2 0
diploma/modules/cart/service/cart.go:259.3,260.19 2 0
diploma/modules/cart/service/cart.go:260.19,263.4 2 0
diploma/modules/cart/service/cart.go:264.3,266.41 2 0
diploma/modules/cart/service/cart.go:266.41,274.20 4 0
diploma/modules/cart/service/cart.go:274.20,277.5 2 0
diploma/modules/cart/service/cart.go:278.4,278.27 1 0
diploma/modules/cart/service/cart.go:279.9,290.20 4 0
diploma/modules/cart/service/cart.go:290.20,293.5 2 0
diploma/modules/cart/service/cart.go:295.4,296.27 2 0
diploma/modules/cart/service/cart.go:299.3,299.21 1 0
diploma/modules/cart/service/cart.go:299.21,301.4 1 0
diploma/modules/cart/service/cart.go:303.3,304.19 2 0
diploma/modules/cart/service/cart.go:304.19,307.4 2 0
diploma/modules/cart/service/cart.go:309.3,313.13 2 0
diploma/modules/cart/service/cart.go:316.2,316.16 1 0
diploma/modules/cart/service/cart.go:316.16,318.3 1 0
diploma/modules/cart/service/cart.go:320.2,325.12 2 0
diploma/modules/cart/service/cart.go:328.71,331.72 2 0
diploma/modules/cart/service/cart.go:331.72,333.19 2 0
diploma/modules/cart/service/cart.go:333.19,334.41 1 0
diploma/modules/cart/service/cart.go:334.41,337.5 2 0
diploma/modules/cart/service/cart.go:339.4,340.16 2 0
diploma/modules/cart/service/cart.go:343.3,344.19 2 0
diploma/modules/cart/service/cart.go:344.19,347.4 2 0
diploma/modules/cart/service/cart.go:349.3,350.19 2 0
diploma/modules/cart/service/cart.go:350.19,353.4 2 0
diploma/modules/cart/service/cart.go:355.3,359.13 2 0
diploma/modules/cart/service/cart.go:362.2,362.16 1 0
diploma/modules/cart/service/cart.go:362.16,364.3 1 0
diploma/modules/cart/service/cart.go:366.2,367.12 2 0
diploma/modules/cart/service/checkout.go:11.123,13.72 2 2
diploma/modules/cart/service/checkout.go:13.72,15.19 2 2
diploma/modules/cart/service/checkout.go:15.19,17.4 1 0
diploma/modules/cart/service/checkout.go:18.3,18.31 1 2
diploma/modules/cart/service/checkout.go:18.31,20.4 1 1
diploma/modules/cart/service/checkout.go:23.3,24.19 2 1
diploma/modules/cart/service/checkout.go:24.19,26.4 1 0
diploma/modules/cart/service/checkout.go:27.3,28.34 2 1
diploma/modules/cart/service/checkout.go:28.34,30.4 1 0
diploma/modules/cart/service/checkout.go:33.3,37.19 4 1
diploma/modules/cart/service/checkout.go:37.19,39.4 1 0
diploma/modules/cart/service/checkout.go:40.3,53.53 3 1
diploma/modules/cart/service/checkout.go:57.2,57.16 1 2
diploma/modules/cart/service/checkout.go:57.16,59.3 1 1
diploma/modules/cart/service/checkout.go:60.2,60.22 1 1
diploma/modules/cart/service/checkout.go:63.99,65.38 2 1
diploma/modules/cart/service/checkout.go:66.35,68.17 2 1
diploma/modules/cart/service/checkout.go:68.17,70.4 1 0
diploma/modules/cart/service/checkout.go:71.3,71.72 1 1
diploma/modules/cart/service/checkout.go:71.72,73.20 2 1
diploma/modules/cart/service/checkout.go:73.20,75.5 1 0
diploma/modules/cart/service/checkout.go:77.4,78.20 2 1
diploma/modules/cart/service/checkout.go:78.20,80.5 1 0
diploma/modules/cart/service/checkout.go:81.4,82.20 2 1
diploma/modules/cart/service/checkout.go:82.20,84.5 1 0
diploma/modules/cart/service/checkout.go:85.4,85.14 1 1
diploma/modules/cart/service/checkout.go:87.3,87.17 1 1
diploma/modules/cart/service/checkout.go:87.17,89.4 1 0
diploma/modules/cart/service/checkout.go:90.33,90.33 0 0
diploma/modules/cart/service/checkout.go:93.2,93.12 1 1
diploma/modules/cart/service/checkout.go:96.51,99.2 2 1
diploma/modules/cart/service/checkout.go:105.50,106.42 1 3
diploma/modules/cart/service/checkout.go:106.42,108.48 2 3
diploma/modules/cart/service/checkout.go:108.48,109.51 1 3
diploma/modules/cart/service/checkout.go:109.51,111.5 1 1
diploma/modules/cart/service/checkout.go:112.4,112.43 1 2
diploma/modules/cart/service/checkout.go:115.3,115.50 1 2
diploma/modules/cart/service/checkout.go:115.50,117.4 1 1
diploma/modules/cart/service/checkout.go:119.2,119.13 1 1
diploma/modules/cart/service/checkout.go:122.42,124.42 2 1
diploma/modules/cart/service/checkout.go:124.42,126.3 1 1
diploma/modules/cart/service/checkout.go:127.2,127.17 1 1
diploma/modules/cart/service/service.go:32.13,44.2 1 4
diploma/modules/cart/client/supplier/supplier.go:13.66,15.2 1 0
diploma/modules/cart/client/supplier/supplier.go:21.110,24.16 2 0
diploma/modules/cart/client/supplier/supplier.go:24.16,26.3 1 0
diploma/modules/cart/client/supplier/supplier.go:27.2,28.37 2 0
diploma/modules/cart/client/supplier/supplier.go:28.37,36.3 1 0
diploma/modules/cart/client/supplier/supplier.go:37.2,37.17 1 0
diploma/modules/cart/client/payment/model/model.go:34.57,39.24 3 0
diploma/modules/cart/client/payment/model/model.go:39.24,41.3 1 0
diploma/modules/cart/client/payment/model/model.go:42.2,45.24 3 0
diploma/modules/cart/client/payment/model/model.go:45.24,47.18 2 0
diploma/modules/cart/client/payment/model/model.go:47.18,49.4 1 0
diploma/modules/cart/client/payment/model/model.go:52.2,52.51 1 0
diploma/modules/cart/client/payment/model/model.go:55.65,64.2 7 0
diploma/modules/cart/handler/cart.go:27.56,31.26 2 0
diploma/modules/cart/handler/cart.go:31.26,34.3 2 0
diploma/modules/cart/handler/cart.go:36.2,37.49 2 0
diploma/modules/cart/handler/cart.go:37.49,40.3 2 0
diploma/modules/cart/handler/cart.go:41.2,45.16 4 0
diploma/modules/cart/handler/cart.go:45.16,48.3 2 0
diploma/modules/cart/handler/cart.go:50.2,50.72 1 0
diploma/modules/cart/handler/cart.go:62.47,65.9 2 0
diploma/modules/cart/handler/cart.go:65.9,68.3 2 0
diploma/modules/cart/handler/cart.go:70.2,71.16 2 0
diploma/modules/cart/handler/cart.go:71.16,74.3 2 0
diploma/modules/cart/handler/cart.go:75.2,75.64 1 0
diploma/modules/cart/handler/cart.go:93.61,95.9 2 0
diploma/modules/cart/handler/cart.go:95.9,98.3 2 0
diploma/modules/cart/handler/cart.go:100.2,104.47 4 0
diploma/modules/cart/handler/cart.go:104.47,107.3 2 0
diploma/modules/cart/handler/cart.go:109.2,110.16 2 0
diploma/modules/cart/handler/cart.go:110.16,113.3 2 0
diploma/modules/cart/handler/cart.go:115.2,116.16 2 0
diploma/modules/cart/handler/cart.go:116.16,119.3 2 0
diploma/modules/cart/handler/cart.go:121.2,122.32 2 0
diploma/modules/cart/handler/cart.go:122.32,125.3 2 0
diploma/modules/cart/handler/cart.go:127.2,135.16 3 0
diploma/modules/cart/handler/cart.go:135.16,138.3 2 0
diploma/modules/cart/handler/cart.go:140.2,140.70 1 0
diploma/modules/cart/handler/cart.go:156.49,158.9 2 0
diploma/modules/cart/handler/cart.go:158.9,161.3 2 0
diploma/modules/cart/handler/cart.go:163.2,164.16 2 0
diploma/modules/cart/handler/cart.go:164.16,167.3 2 0
diploma/modules/cart/handler/cart.go:169.2,169.72 1 0
diploma/modules/cart/handler/checkout.go:28.48,31.9 2 0
diploma/modules/cart/handler/checkout.go:31.9,34.3 2 0
diploma/modules/cart/handler/checkout.go:36.2,37.49 2 0
diploma/modules/cart/handler/checkout.go:37.49,40.3 2 0
diploma/modules/cart/handler/checkout.go:42.2,45.16 2 0
diploma/modules/cart/handler/checkout.go:45.16,46.43 1 0
diploma/modules/cart/handler/checkout.go:46.43,49.4 2 0
diploma/modules/cart/handler/checkout.go:51.3,52.9 2 0
diploma/modules/cart/handler/checkout.go:55.2,55.69 1 0
diploma/modules/cart/handler/checkout.go:68.59,71.48 2 0
diploma/modules/cart/handler/checkout.go:71.48,74.3 2 0
diploma/modules/cart/handler/checkout.go:75.2,76.16 2 0
diploma/modules/cart/handler/checkout.go:76.16,79.3 2 0
diploma/modules/cart/handler/checkout.go:81.2,82.58 2 0
diploma/modules/cart/handler/checkout.go:95.59,97.19 2 0
diploma/modules/cart/handler/checkout.go:97.19,100.3 2 0
diploma/modules/cart/handler/checkout.go:102.2,106.16 2 0
diploma/modules/cart/handler/checkout.go:106.16,109.3 2 0
diploma/modules/cart/handler/checkout.go:111.2,111.62 1 0
diploma/modules/cart/handler/server.go:12.52,14.2 1 0
diploma/modules/cart/handler/converter/add-product.go:8.91,15.2 1 0
diploma/modules/cart/handler/converter/add-product.go:17.74,23.2 1 0
diploma/modules/cart/handler/converter/add-product.go:25.80,27.37 2 0
diploma/modules/cart/handler/converter/add-product.go:27.37,37.3 1 0
diploma/modules/cart/handler/converter/add-product.go:38.2,38.21 1 0
diploma/modules/cart/handler/converter/add-product.go:41.76,43.35 2 0
diploma/modules/cart/handler/converter/add-product.go:43.35,51.3 1 0
diploma/modules/cart/handler/converter/add-product.go:52.2,52.20 1 0
diploma/modules/cart/handler/converter/checkout.go:9.98,15.2 1 0
diploma/modules/cart/handler/converter/checkout.go:17.90,19.9 2 0
diploma/modules/cart/handler/converter/checkout.go:19.9,21.3 1 0
diploma/modules/cart/handler/converter/checkout.go:22.2,23.9 2 0
diploma/modules/cart/handler/converter/checkout.go:23.9,25.3 1 0
diploma/modules/cart/handler/converter/checkout.go:27.2,30.8 1 0
diploma/modules/cart/repository/converter/cart.go:8.63,14.2 1 0
diploma/modules/cart/repository/converter/cart.go:16.77,19.29 3 0
diploma/modules/cart/repository/converter/cart.go:19.29,21.10 2 0
diploma/modules/cart/repository/converter/cart.go:21.10,28.4 3 0
diploma/modules/cart/repository/converter/cart.go:29.3,35.5 1 0
diploma/modules/cart/repository/converter/cart.go:37.2,37.12 1 0
diploma/modules/cart/redis/payment-order.go:11.92,13.16 2 0
diploma/modules/cart/redis/payment-order.go:13.16,15.3 1 0
diploma/modules/cart/redis/payment-order.go:17.2,19.48 2 0
diploma/modules/cart/redis/payment-order.go:23.95,26.16 3 0
diploma/modules/cart/redis/payment-order.go:26.16,28.3 1 0
diploma/modules/cart/redis/payment-order.go:30.2,31.52 2 0
diploma/modules/cart/redis/payment-order.go:31.52,33.3 1 0
diploma/modules/cart/redis/payment-order.go:34.2,34.19 1 0
diploma/modules/cart/redis/payment-order.go:40.111,43.16 3 0
diploma/modules/cart/redis/payment-order.go:43.16,45.3 1 0
diploma/modules/cart/redis/payment-order.go:47.2,48.27 2 0
diploma/modules/cart/redis/payment-order.go:48.27,50.17 2 0
diploma/modules/cart/redis/payment-order.go:50.17,52.12 1 0
diploma/modules/cart/redis/payment-order.go:54.3,55.53 2 0
diploma/modules/cart/redis/payment-order.go:55.53,56.12 1 0
diploma/modules/cart/redis/payment-order.go:58.3,58.34 1 0
diploma/modules/cart/redis/payment-order.go:60.2,60.20 1 0
diploma/modules/cart/redis/redis.go:11.53,15.2 1 0
diploma/modules/cart/repository/cart.go:18.81,26.16 3 0
diploma/modules/cart/repository/cart.go:26.16,28.3 1 0
diploma/modules/cart/repository/cart.go:30.2,37.16 4 0
diploma/modules/cart/repository/cart.go:37.16,39.3 1 0
diploma/modules/cart/repository/cart.go:41.2,41.20 1 0
diploma/modules/cart/repository/cart.go:45.81,52.16 3 0
diploma/modules/cart/repository/cart.go:52.16,54.3 1 0
diploma/modules/cart/repository/cart.go:56.2,63.16 4 0
diploma/modules/cart/repository/cart.go:63.16,64.69 1 0
diploma/modules/cart/repository/cart.go:64.69,66.4 1 0
diploma/modules/cart/repository/cart.go:67.3,67.56 1 0
diploma/modules/cart/repository/cart.go:70.2,70.52 1 0
diploma/modules/cart/repository/cart.go:74.88,81.16 3 0
diploma/modules/cart/repository/cart.go:81.16,83.3 1 0
diploma/modules/cart/repository/cart.go:85.2,91.16 3 0
diploma/modules/cart/repository/cart.go:91.16,93.3 1 0
diploma/modules/cart/repository/cart.go:95.2,96.23 2 0
diploma/modules/cart/repository/cart.go:96.23,98.3 1 0
diploma/modules/cart/repository/cart.go:100.2,100.12 1 0
diploma/modules/cart/repository/cart.go:104.94,119.16 3 0
diploma/modules/cart/repository/cart.go:119.16,121.3 1 0
diploma/modules/cart/repository/cart.go:123.2,129.16 3 0
diploma/modules/cart/repository/cart.go:129.16,131.3 1 0
diploma/modules/cart/repository/cart.go:132.2,136.18 3 0
diploma/modules/cart/repository/cart.go:136.18,145.17 2 0
diploma/modules/cart/repository/cart.go:145.17,147.4 1 0
diploma/modules/cart/repository/cart.go:149.3,149.30 1 0
diploma/modules/cart/repository/cart.go:152.2,152.35 1 0
diploma/modules/cart/repository/cart.go:152.35,154.3 1 0
diploma/modules/cart/repository/cart.go:156.2,156.21 1 0
diploma/modules/cart/repository/cart.go:156.21,158.3 1 0
diploma/modules/cart/repository/cart.go:160.2,160.56 1 0
diploma/modules/cart/repository/cart.go:164.72,170.16 3 0
diploma/modules/cart/repository/cart.go:170.16,172.3 1 0
diploma/modules/cart/repository/cart.go:174.2,180.16 3 0
diploma/modules/cart/repository/cart.go:180.16,182.3 1 0
diploma/modules/cart/repository/cart.go:184.2,185.23 2 0
diploma/modules/cart/repository/cart.go:185.23,187.3 1 0
diploma/modules/cart/repository/cart.go:189.2,189.12 1 0
diploma/modules/cart/repository/item.go:16.104,27.16 3 0
diploma/modules/cart/repository/item.go:27.16,29.3 1 0
diploma/modules/cart/repository/item.go:31.2,38.16 4 0
diploma/modules/cart/repository/item.go:38.16,39.69 1 0
diploma/modules/cart/repository/item.go:39.69,41.4 1 0
diploma/modules/cart/repository/item.go:42.3,42.63 1 0
diploma/modules/cart/repository/item.go:45.2,45.22 1 0
diploma/modules/cart/repository/item.go:49.117,60.16 3 0
diploma/modules/cart/repository/item.go:60.16,62.3 1 0
diploma/modules/cart/repository/item.go:64.2,70.16 3 0
diploma/modules/cart/repository/item.go:70.16,72.3 1 0
diploma/modules/cart/repository/item.go:74.2,75.23 2 0
diploma/modules/cart/repository/item.go:75.23,77.3 1 0
diploma/modules/cart/repository/item.go:79.2,79.12 1 0
diploma/modules/cart/repository/item.go:83.82,90.16 3 0
diploma/modules/cart/repository/item.go:90.16,92.3 1 0
diploma/modules/cart/repository/item.go:94.2,100.16 3 0
diploma/modules/cart/repository/item.go:100.16,102.3 1 0
diploma/modules/cart/repository/item.go:104.2,105.23 2 0
diploma/modules/cart/repository/item.go:105.23,107.3 1 0
diploma/modules/cart/repository/item.go:109.2,109.12 1 0
diploma/modules/cart/repository/item.go:113.77,119.16 3 0
diploma/modules/cart/repository/item.go:119.16,121.3 1 0
diploma/modules/cart/repository/item.go:123.2,129.16 3 0
diploma/modules/cart/repository/item.go:129.16,131.3 1 0
diploma/modules/cart/repository/item.go:133.2,133.12 1 0
diploma/modules/cart/repository/item.go:137.95,147.16 3 0
diploma/modules/cart/repository/item.go:147.16,149.3 1 0
diploma/modules/cart/repository/item.go:151.2,157.16 3 0
diploma/modules/cart/repository/item.go:157.16,159.3 1 0
diploma/modules/cart/repository/item.go:161.2,162.23 2 0
diploma/modules/cart/repository/item.go:162.23,164.3 1 0
diploma/modules/cart/repository/item.go:166.2,166.12 1 0
diploma/modules/cart/repository/repository.go:31.44,33.2 1 0
diploma/modules/contract/routes.go:8.66,10.2 2 0
diploma/modules/contract/routes.go:10.2,15.3 3 0
diploma/modules/contract/handler/converter/contract.go:9.65,18.2 1 0
diploma/modules/contract/handler/converter/contract.go:20.51,21.14 1 0
diploma/modules/contract/handler/converter/contract.go:21.14,23.3 1 0
diploma/modules/contract/handler/converter/contract.go:24.2,24.11 1 0
diploma/modules/contract/handler/handler.go:26.43,28.2 1 0
diploma/modules/contract/handler/handler.go:43.40,47.47 3 0
diploma/modules/contract/handler/handler.go:47.47,50.3 2 0
diploma/modules/contract/handler/handler.go:52.2,53.16 2 0
diploma/modules/contract/handler/handler.go:53.16,56.3 2 0
diploma/modules/contract/handler/handler.go:58.2,58.63 1 0
diploma/modules/contract/handler/handler.go:74.39,77.16 3 0
diploma/modules/contract/handler/handler.go:77.16,80.3 2 0
diploma/modules/contract/handler/handler.go:82.2,83.16 2 0
diploma/modules/contract/handler/handler.go:83.16,86.3 2 0
diploma/modules/contract/handler/handler.go:88.2,88.58 1 0
diploma/modules/contract/handler/handler.go:97.43,101.16 3 0
diploma/modules/contract/handler/handler.go:101.16,104.3 2 0
diploma/modules/contract/handler/handler.go:106.2,107.30 2 0
diploma/modules/contract/handler/handler.go:107.30,109.3 1 0
diploma/modules/contract/handler/handler.go:111.2,111.28 1 0
diploma/modules/contract/repo/contract.go:15.46,17.2 1 0
diploma/modules/contract/repo/contract.go:21.91,32.2 4 0
diploma/modules/contract/repo/contract.go:34.107,39.15 2 0
diploma/modules/contract/repo/contract.go:39.15,41.3 1 0
diploma/modules/contract/repo/contract.go:41.8,41.22 1 0
diploma/modules/contract/repo/contract.go:41.22,43.3 1 0
diploma/modules/contract/repo/contract.go:45.2,47.12 3 0
diploma/modules/contract/repo/contract.go:50.86,58.16 5 0
diploma/modules/contract/repo/contract.go:58.16,60.3 1 0
diploma/modules/contract/repo/contract.go:61.2,61.16 1 0
diploma/modules/contract/repo/contract.go:64.94,75.16 3 0
diploma/modules/contract/repo/contract.go:75.16,77.3 1 0
diploma/modules/contract/repo/contract.go:78.2,81.18 3 0
diploma/modules/contract/repo/contract.go:81.18,88.17 3 0
diploma/modules/contract/repo/contract.go:88.17,90.4 1 0
diploma/modules/contract/repo/contract.go:91.3,91.36 1 0
diploma/modules/contract/repo/contract.go:93.2,93.35 1 0
diploma/modules/contract/repo/contract.go:93.35,95.3 1 0
diploma/modules/contract/repo/contract.go:97.2,97.23 1 0
diploma/modules/contract/repo/contract.go:100.80,113.2 3 0
diploma/modules/contract/service/contract.go:23.43,25.2 1 0
diploma/modules/contract/service/contract.go:27.125,37.2 2 0
diploma/modules/contract/service/contract.go:39.105,41.16 2 0
diploma/modules/contract/service/contract.go:41.16,43.3 1 0
diploma/modules/contract/service/contract.go:45.2,45.14 1 0
diploma/modules/contract/service/contract.go:46.31,47.34 1 0
diploma/modules/contract/service/contract.go:47.34,49.4 1 0
diploma/modules/contract/service/contract.go:51.31,51.31 0 0
diploma/modules/contract/service/contract.go:52.10,53.36 1 0
diploma/modules/contract/service/contract.go:56.2,57.16 2 0
diploma/modules/contract/service/contract.go:57.16,59.3 1 0
diploma/modules/contract/service/contract.go:61.2,62.65 1 0
diploma/modules/contract/service/contract.go:62.65,64.3 1 0
diploma/modules/contract/service/contract.go:66.2,66.12 1 0
diploma/modules/contract/service/contract.go:69.87,71.2 1 0
diploma/modules/contract/service/contract.go:73.100,75.2 1 0
diploma/modules/notification/handler/handler.go:25.43,27.2 1 0
diploma/modules/notification/handler/handler.go:39.40,41.9 2 0
diploma/modules/notification/handler/handler.go:41.9,44.3 2 0
diploma/modules/notification/handler/handler.go:46.2,47.16 2 0
diploma/modules/notification/handler/handler.go:47.16,50.3 2 0
diploma/modules/notification/handler/handler.go:52.2,53.45 2 0
diploma/modules/notification/handler/handler.go:53.45,63.3 1 0
diploma/modules/notification/handler/handler.go:65.2,65.62 1 0
diploma/modules/notification/handler/handler.go:78.47,80.9 2 0
diploma/modules/notification/handler/handler.go:80.9,83.3 2 0
diploma/modules/notification/handler/handler.go:85.2,86.16 2 0
diploma/modules/notification/handler/handler.go:86.16,89.3 2 0
diploma/modules/notification/handler/handler.go:91.2,91.58 1 0
diploma/modules/notification/handler/handler.go:106.44,108.9 2 0
diploma/modules/notification/handler/handler.go:108.9,111.3 2 0
diploma/modules/notification/handler/handler.go:113.2,114.16 2 0
diploma/modules/notification/handler/handler.go:114.16,117.3 2 0
diploma/modules/notification/handler/handler.go:119.2,119.95 1 0
diploma/modules/notification/handler/handler.go:119.95,122.3 2 0
diploma/modules/notification/handler/handler.go:124.2,124.72 1 0
diploma/modules/notification/handler/handler.go:137.47,139.9 2 0
diploma/modules/notification/handler/handler.go:139.9,142.3 2 0
diploma/modules/notification/handler/handler.go:144.2,144.82 1 0
diploma/modules/notification/handler/handler.go:144.82,147.3 2 0
diploma/modules/notification/handler/handler.go:149.2,149.77 1 0
diploma/modules/notification/routes.go:9.66,11.2 2 0
diploma/modules/notification/routes.go:11.2,16.3 4 0
diploma/modules/notification/service/service.go:22.43,27.2 1 0
diploma/modules/notification/service/service.go:29.95,31.2 1 0
diploma/modules/notification/service/service.go:33.79,35.2 1 0
diploma/modules/notification/service/service.go:37.85,39.2 1 0
diploma/modules/notification/service/service.go:41.72,43.2 1 0
diploma/modules/notification/service/service.go:45.112,53.2 1 0
diploma/modules/order/routes.go:9.71,11.2 2 0
diploma/modules/order/routes.go:11.2,17.3 4 0
diploma/modules/order/service/order.go:18.100,25.72 3 0
diploma/modules/order/service/order.go:25.72,27.15 2 0
diploma/modules/order/service/order.go:28.27,31.20 3 0
diploma/modules/order/service/order.go:31.20,34.5 2 0
diploma/modules/order/service/order.go:35.4,35.33 1 0
diploma/modules/order/service/order.go:35.33,37.21 2 0
diploma/modules/order/service/order.go:37.21,42.6 2 0
diploma/modules/order/service/order.go:43.5,43.41 1 0
diploma/modules/order/service/order.go:46.27,49.20 3 0
diploma/modules/order/service/order.go:49.20,52.5 2 0
diploma/modules/order/service/order.go:53.4,53.33 1 0
diploma/modules/order/service/order.go:53.33,55.21 2 0
diploma/modules/order/service/order.go:55.21,60.6 2 0
diploma/modules/order/service/order.go:64.3,64.32 1 0
diploma/modules/order/service/order.go:64.32,66.20 2 0
diploma/modules/order/service/order.go:66.20,71.5 2 0
diploma/modules/order/service/order.go:72.4,73.47 2 0
diploma/modules/order/service/order.go:73.47,75.21 2 0
diploma/modules/order/service/order.go:75.21,80.6 2 0
diploma/modules/order/service/order.go:81.5,81.35 1 0
diploma/modules/order/service/order.go:85.3,85.13 1 0
diploma/modules/order/service/order.go:87.2,87.16 1 0
diploma/modules/order/service/order.go:87.16,89.3 1 0
diploma/modules/order/service/order.go:91.2,96.20 2 0
diploma/modules/order/service/order.go:104.86,108.72 3 0
diploma/modules/order/service/order.go:108.72,109.32 1 0
diploma/modules/order/service/order.go:109.32,120.20 5 0
diploma/modules/order/service/order.go:120.20,123.5 2 0
diploma/modules/order/service/order.go:125.4,125.41 1 0
diploma/modules/order/service/order.go:125.41,134.21 4 0
diploma/modules/order/service/order.go:134.21,140.6 2 0
diploma/modules/order/service/order.go:142.4,144.36 2 0
diploma/modules/order/service/order.go:144.36,146.205 2 0
diploma/modules/order/service/order.go:146.205,148.6 1 0
diploma/modules/order/service/order.go:149.5,149.199 1 0
diploma/modules/order/service/order.go:149.199,151.6 1 0
diploma/modules/order/service/order.go:154.3,154.13 1 0
diploma/modules/order/service/order.go:157.2,157.16 1 0
diploma/modules/order/service/order.go:157.16,159.3 1 0
diploma/modules/order/service/order.go:161.2,165.12 2 0
diploma/modules/order/service/order.go:168.129,175.72 2 2
diploma/modules/order/service/order.go:175.72,177.17 2 2
diploma/modules/order/service/order.go:177.17,182.4 2 0
diploma/modules/order/service/order.go:184.3,184.37 1 2
diploma/modules/order/service/order.go:184.37,191.4 2 1
diploma/modules/order/service/order.go:193.3,194.25 2 1
diploma/modules/order/service/order.go:195.22,196.39 1 1
diploma/modules/order/service/order.go:196.39,198.5 1 1
diploma/modules/order/service/order.go:199.25,200.72 1 0
diploma/modules/order/service/order.go:200.72,202.5 1 0
diploma/modules/order/service/order.go:205.3,205.13 1 1
diploma/modules/order/service/order.go:205.13,211.4 2 0
diploma/modules/order/service/order.go:213.3,214.17 2 1
diploma/modules/order/service/order.go:214.17,217.4 2 0
diploma/modules/order/service/order.go:219.3,219.73 1 1
diploma/modules/order/service/order.go:219.73,230.18 3 1
diploma/modules/order/service/order.go:230.18,233.5 2 0
diploma/modules/order/service/order.go:236.3,236.35 1 1
diploma/modules/order/service/order.go:236.35,246.18 3 1
diploma/modules/order/service/order.go:246.18,249.5 2 0
diploma/modules/order/service/order.go:252.3,257.13 2 1
diploma/modules/order/service/order.go:261.119,269.72 3 0
diploma/modules/order/service/order.go:269.72,272.19 3 0
diploma/modules/order/service/order.go:272.19,275.4 2 0
diploma/modules/order/service/order.go:277.3,277.15 1 0
diploma/modules/order/service/order.go:278.27,279.34 1 0
diploma/modules/order/service/order.go:279.34,286.5 2 0
diploma/modules/order/service/order.go:287.27,288.34 1 0
diploma/modules/order/service/order.go:288.34,295.5 2 0
diploma/modules/order/service/order.go:296.24,296.24 0 0
diploma/modules/order/service/order.go:297.11,301.42 2 0
diploma/modules/order/service/order.go:304.3,305.19 2 0
diploma/modules/order/service/order.go:305.19,308.4 2 0
diploma/modules/order/service/order.go:310.3,311.19 2 0
diploma/modules/order/service/order.go:311.19,314.4 2 0
diploma/modules/order/service/order.go:315.3,317.40 2 0
diploma/modules/order/service/order.go:317.40,319.20 2 0
diploma/modules/order/service/order.go:319.20,324.5 2 0
diploma/modules/order/service/order.go:326.3,326.13 1 0
diploma/modules/order/service/order.go:328.2,328.16 1 0
diploma/modules/order/service/order.go:328.16,330.3 1 0
diploma/modules/order/service/order.go:332.2,336.19 2 0
diploma/modules/order/service/order.go:339.106,345.72 2 1
diploma/modules/order/service/order.go:345.72,347.17 2 1
diploma/modules/order/service/order.go:347.17,350.4 2 0
diploma/modules/order/service/order.go:352.3,352.37 1 1
diploma/modules/order/service/order.go:352.37,359.4 2 0
diploma/modules/order/service/order.go:361.3,361.38 1 1
diploma/modules/order/service/order.go:361.38,366.4 2 1
diploma/modules/order/service/order.go:368.3,369.17 2 0
diploma/modules/order/service/order.go:369.17,372.4 2 0
diploma/modules/order/service/order.go:374.3,374.35 1 0
diploma/modules/order/service/order.go:374.35,383.18 2 0
diploma/modules/order/service/order.go:383.18,385.5 1 0
diploma/modules/order/service/order.go:388.3,391.13 2 0
diploma/modules/order/service/order.go:395.38,396.18 1 1
diploma/modules/order/service/order.go:397.21,398.19 1 0
diploma/modules/order/service/order.go:399.24,400.23 1 1
diploma/modules/order/service/order.go:401.23,402.21 1 0
diploma/modules/order/service/order.go:403.23,404.21 1 0
diploma/modules/order/service/order.go:405.10,406.19 1 0
diploma/modules/order/service/service.go:27.17,37.2 1 3
diploma/modules/notification/repository/repository.go:16.52,18.2 1 0
diploma/modules/notification/repository/repository.go:20.98,30.16 3 0
diploma/modules/notification/repository/repository.go:30.16,32.3 1 0
diploma/modules/notification/repository/repository.go:34.2,36.16 3 0
diploma/modules/notification/repository/repository.go:36.16,38.3 1 0
diploma/modules/notification/repository/repository.go:39.2,42.18 3 0
diploma/modules/notification/repository/repository.go:42.18,53.17 2 0
diploma/modules/notification/repository/repository.go:53.17,55.4 1 0
diploma/modules/notification/repository/repository.go:56.3,56.54 1 0
diploma/modules/notification/repository/repository.go:59.2,59.34 1 0
diploma/modules/notification/repository/repository.go:62.82,70.16 3 0
diploma/modules/notification/repository/repository.go:70.16,72.3 1 0
diploma/modules/notification/repository/repository.go:74.2,76.80 3 0
diploma/modules/notification/repository/repository.go:76.80,78.3 1 0
diploma/modules/notification/repository/repository.go:79.2,79.19 1 0
diploma/modules/notification/repository/repository.go:82.88,90.16 3 0
diploma/modules/notification/repository/repository.go:90.16,92.3 1 0
diploma/modules/notification/repository/repository.go:94.2,96.16 3 0
diploma/modules/notification/repository/repository.go:96.16,98.3 1 0
diploma/modules/notification/repository/repository.go:99.2,99.12 1 0
diploma/modules/notification/repository/repository.go:102.75,110.16 3 0
diploma/modules/notification/repository/repository.go:110.16,112.3 1 0
diploma/modules/notification/repository/repository.go:114.2,116.16 3 0
diploma/modules/notification/repository/repository.go:116.16,118.3 1 0
diploma/modules/notification/repository/repository.go:119.2,119.12 1 0
diploma/modules/notification/repository/repository.go:122.94,130.16 3 0
diploma/modules/notification/repository/repository.go:130.16,132.3 1 0
diploma/modules/notification/repository/repository.go:134.2,136.16 3 0
diploma/modules/notification/repository/repository.go:136.16,138.3 1 0
diploma/modules/notification/repository/repository.go:139.2,139.12 1 0
diploma/modules/order/client/product/product.go:13.64,15.2 1 0
diploma/modules/order/client/product/product.go:21.88,23.16 2 0
diploma/modules/order/client/product/product.go:23.16,25.3 1 0
diploma/modules/order/client/product/product.go:27.2,31.8 1 0
diploma/modules/order/handler/converter/order.go:9.67,23.2 1 0
diploma/modules/order/handler/converter/order.go:26.91,28.29 2 0
diploma/modules/order/handler/converter/order.go:28.29,36.3 1 0
diploma/modules/order/handler/converter/order.go:37.2,37.20 1 0
diploma/modules/order/handler/converter/order.go:41.51,42.18 1 0
diploma/modules/order/handler/converter/order.go:43.28,44.19 1 0
diploma/modules/order/handler/converter/order.go:45.31,46.23 1 0
diploma/modules/order/handler/converter/order.go:47.30,48.21 1 0
diploma/modules/order/handler/converter/order.go:49.30,50.21 1 0
diploma/modules/order/handler/converter/order.go:51.10,52.19 1 0
diploma/modules/order/handler/converter/order.go:57.83,59.31 2 0
diploma/modules/order/handler/converter/order.go:59.31,61.3 1 0
diploma/modules/order/handler/converter/order.go:62.2,64.3 1 0
diploma/modules/order/client/supplier/supplier.go:13.66,15.2 1 0
diploma/modules/order/client/supplier/supplier.go:21.110,24.16 2 0
diploma/modules/order/client/supplier/supplier.go:24.16,26.3 1 0
diploma/modules/order/client/supplier/supplier.go:27.2,28.37 2 0
diploma/modules/order/client/supplier/supplier.go:28.37,36.3 1 0
diploma/modules/order/client/supplier/supplier.go:37.2,37.17 1 0
diploma/modules/order/client/supplier/supplier.go:40.91,42.16 2 0
diploma/modules/order/client/supplier/supplier.go:42.16,44.3 1 0
diploma/modules/order/client/supplier/supplier.go:46.2,52.8 1 0
diploma/modules/order/handler/handler.go:12.54,14.2 1 0
diploma/modules/order/handler/order.go:31.50,34.9 2 0
diploma/modules/order/handler/order.go:34.9,37.3 2 0
diploma/modules/order/handler/order.go:40.2,41.16 2 0
diploma/modules/order/handler/order.go:41.16,44.3 2 0
diploma/modules/order/handler/order.go:46.2,46.61 1 0
diploma/modules/order/handler/order.go:62.53,64.9 2 0
diploma/modules/order/handler/order.go:64.9,67.3 2 0
diploma/modules/order/handler/order.go:69.2,71.16 3 0
diploma/modules/order/handler/order.go:71.16,74.3 2 0
diploma/modules/order/handler/order.go:76.2,77.16 2 0
diploma/modules/order/handler/order.go:77.16,80.3 2 0
diploma/modules/order/handler/order.go:82.2,82.59 1 0
diploma/modules/order/handler/order.go:98.58,100.9 2 0
diploma/modules/order/handler/order.go:100.9,103.3 2 0
diploma/modules/order/handler/order.go:105.2,105.39 1 0
diploma/modules/order/handler/order.go:105.39,108.3 2 0
diploma/modules/order/handler/order.go:110.2,111.47 2 0
diploma/modules/order/handler/order.go:111.47,114.3 2 0
diploma/modules/order/handler/order.go:116.2,117.16 2 0
diploma/modules/order/handler/order.go:117.16,120.3 2 0
diploma/modules/order/handler/order.go:122.2,122.65 1 0
diploma/modules/order/handler/order.go:139.52,141.9 2 0
diploma/modules/order/handler/order.go:141.9,144.3 2 0
diploma/modules/order/handler/order.go:146.2,146.39 1 0
diploma/modules/order/handler/order.go:146.39,149.3 2 0
diploma/modules/order/handler/order.go:151.2,152.47 2 0
diploma/modules/order/handler/order.go:152.47,155.3 2 0
diploma/modules/order/handler/order.go:157.2,158.16 2 0
diploma/modules/order/handler/order.go:158.16,161.3 2 0
diploma/modules/order/handler/order.go:163.2,163.60 1 0
diploma/modules/product/service/product-list.go:11.118,18.16 3 1
diploma/modules/product/service/product-list.go:18.16,21.3 2 0
diploma/modules/product/service/product-list.go:23.2,24.16 2 1
diploma/modules/product/service/product-list.go:24.16,27.3 2 0
diploma/modules/product/service/product-list.go:29.2,39.20 3 1
diploma/modules/product/service/product-list.go:42.103,43.16 1 0
diploma/modules/product/service/product-list.go:43.16,45.3 1 0
diploma/modules/product/service/product-list.go:47.2,52.4 1 0
diploma/modules/product/service/product-list.go:55.107,56.18 1 2
diploma/modules/product/service/product-list.go:56.18,58.3 1 0
diploma/modules/product/service/product-list.go:60.2,61.23 2 2
diploma/modules/product/service/product-list.go:61.23,63.3 1 1
diploma/modules/product/service/product-list.go:65.2,65.22 1 1
diploma/modules/product/service/product-list.go:65.22,67.3 1 1
diploma/modules/product/service/product-list.go:69.2,70.16 2 1
diploma/modules/product/service/product-list.go:70.16,73.3 2 0
diploma/modules/product/service/product-list.go:75.2,75.25 1 1
diploma/modules/product/service/product-list.go:78.109,84.16 3 0
diploma/modules/product/service/product-list.go:84.16,89.3 2 0
diploma/modules/product/service/product-list.go:91.2,96.25 2 0
diploma/modules/product/service/product.go:8.114,10.16 2 0
diploma/modules/product/service/product.go:10.16,12.3 1 0
diploma/modules/product/service/product.go:14.2,15.16 2 0
diploma/modules/product/service/product.go:15.16,17.3 1 0
diploma/modules/product/service/product.go:19.2,20.16 2 0
diploma/modules/product/service/product.go:20.16,22.3 1 0
diploma/modules/product/service/product.go:24.2,28.8 1 0
diploma/modules/product/service/product.go:32.112,34.2 1 0
diploma/modules/product/service/product.go:36.93,38.2 1 0
diploma/modules/product/service/product.go:40.104,42.16 2 1
diploma/modules/product/service/product.go:42.16,44.3 1 0
diploma/modules/product/service/product.go:45.2,45.19 1 1
diploma/modules/product/service/product.go:45.19,47.3 1 1
diploma/modules/product/service/product.go:48.2,48.61 1 0
diploma/modules/product/service/product.go:51.101,53.2 1 0
diploma/modules/product/service/product.go:55.90,57.2 1 0
diploma/modules/product/service/product.go:59.93,61.2 1 0
diploma/modules/product/service/product.go:63.89,65.2 1 0
diploma/modules/product/service/product.go:67.117,69.72 2 1
diploma/modules/product/service/product.go:69.72,73.3 3 1
diploma/modules/product/service/product.go:74.2,74.16 1 1
diploma/modules/product/service/product.go:74.16,76.3 1 0
diploma/modules/product/service/product.go:77.2,77.21 1 1
diploma/modules/product/service/product.go:80.117,82.72 2 0
diploma/modules/product/service/product.go:82.72,86.3 3 0
diploma/modules/product/service/product.go:87.2,87.16 1 0
diploma/modules/product/service/product.go:87.16,89.3 1 0
diploma/modules/product/service/product.go:90.2,90.21 1 0
diploma/modules/product/service/product.go:93.84,94.72 1 0
diploma/modules/product/service/product.go:94.72,96.3 1 0
diploma/modules/product/service/service.go:19.19,25.2 1 5
diploma/modules/order/repo/order-product.go:23.101,31.16 3 0
diploma/modules/order/repo/order-product.go:31.16,33.3 1 0
diploma/modules/order/repo/order-product.go:35.2,41.16 3 0
diploma/modules/order/repo/order-product.go:41.16,43.3 1 0
diploma/modules/order/repo/order-product.go:44.2,44.12 1 0
diploma/modules/order/repo/order-product.go:48.102,56.16 3 0
diploma/modules/order/repo/order-product.go:56.16,58.3 1 0
diploma/modules/order/repo/order-product.go:60.2,66.16 3 0
diploma/modules/order/repo/order-product.go:66.16,68.3 1 0
diploma/modules/order/repo/order-product.go:69.2,72.18 3 0
diploma/modules/order/repo/order-product.go:72.18,80.17 3 0
diploma/modules/order/repo/order-product.go:80.17,82.4 1 0
diploma/modules/order/repo/order-product.go:83.3,83.85 1 0
diploma/modules/order/repo/order-product.go:85.2,85.35 1 0
diploma/modules/order/repo/order-product.go:85.35,87.3 1 0
diploma/modules/order/repo/order-product.go:89.2,89.27 1 0
diploma/modules/order/repo/order-product.go:93.101,105.16 3 0
diploma/modules/order/repo/order-product.go:105.16,107.3 1 0
diploma/modules/order/repo/order-product.go:109.2,115.16 3 0
diploma/modules/order/repo/order-product.go:115.16,117.3 1 0
diploma/modules/order/repo/order-product.go:118.2,118.32 1 0
diploma/modules/order/repo/order-product.go:118.32,120.3 1 0
diploma/modules/order/repo/order-product.go:121.2,121.12 1 0
diploma/modules/order/repo/order-product.go:125.105,135.16 3 0
diploma/modules/order/repo/order-product.go:135.16,137.3 1 0
diploma/modules/order/repo/order-product.go:139.2,145.16 3 0
diploma/modules/order/repo/order-product.go:145.16,147.3 1 0
diploma/modules/order/repo/order-product.go:148.2,148.32 1 0
diploma/modules/order/repo/order-product.go:148.32,150.3 1 0
diploma/modules/order/repo/order-product.go:151.2,151.12 1 0
diploma/modules/order/repo/order.go:27.89,36.16 3 0
diploma/modules/order/repo/order.go:36.16,38.3 1 0
diploma/modules/order/repo/order.go:40.2,47.16 4 0
diploma/modules/order/repo/order.go:47.16,49.3 1 0
diploma/modules/order/repo/order.go:50.2,50.21 1 0
diploma/modules/order/repo/order.go:54.95,62.16 3 0
diploma/modules/order/repo/order.go:62.16,64.3 1 0
diploma/modules/order/repo/order.go:66.2,72.16 3 0
diploma/modules/order/repo/order.go:72.16,74.3 1 0
diploma/modules/order/repo/order.go:75.2,78.18 3 0
diploma/modules/order/repo/order.go:78.18,90.17 2 0
diploma/modules/order/repo/order.go:90.17,92.4 1 0
diploma/modules/order/repo/order.go:93.3,93.72 1 0
diploma/modules/order/repo/order.go:95.2,95.35 1 0
diploma/modules/order/repo/order.go:95.35,97.3 1 0
diploma/modules/order/repo/order.go:98.2,98.22 1 0
diploma/modules/order/repo/order.go:98.22,100.3 1 0
diploma/modules/order/repo/order.go:101.2,101.20 1 0
diploma/modules/order/repo/order.go:105.103,113.16 3 0
diploma/modules/order/repo/order.go:113.16,115.3 1 0
diploma/modules/order/repo/order.go:117.2,123.16 3 0
diploma/modules/order/repo/order.go:123.16,125.3 1 0
diploma/modules/order/repo/order.go:126.2,129.18 3 0
diploma/modules/order/repo/order.go:129.18,141.17 2 0
diploma/modules/order/repo/order.go:141.17,143.4 1 0
diploma/modules/order/repo/order.go:144.3,144.72 1 0
diploma/modules/order/repo/order.go:146.2,146.35 1 0
diploma/modules/order/repo/order.go:146.35,148.3 1 0
diploma/modules/order/repo/order.go:149.2,149.22 1 0
diploma/modules/order/repo/order.go:149.22,151.3 1 0
diploma/modules/order/repo/order.go:152.2,152.20 1 0
diploma/modules/order/repo/order.go:155.92,163.16 3 0
diploma/modules/order/repo/order.go:163.16,165.3 1 0
diploma/modules/order/repo/order.go:167.2,184.16 4 0
diploma/modules/order/repo/order.go:184.16,186.3 1 0
diploma/modules/order/repo/order.go:188.2,188.54 1 0
diploma/modules/order/repo/order.go:191.96,199.16 3 0
diploma/modules/order/repo/order.go:199.16,201.3 1 0
diploma/modules/order/repo/order.go:203.2,209.12 3 0
diploma/modules/order/repo/repo.go:14.45,16.2 1 0
diploma/modules/order/repo/converter/order-product.go:8.83,15.2 1 0
diploma/modules/order/repo/converter/order-product.go:17.62,29.2 1 0
diploma/modules/product/routes.go:9.73,11.2 2 0
diploma/modules/product/routes.go:11.2,21.3 4 0
diploma/modules/product/routes.go:25.82,27.2 2 0
diploma/modules/product/routes.go:27.2,33.3 5 0
diploma/modules/product/routes.go:36.78,38.2 2 0
diploma/modules/product/routes.go:38.2,42.3 3 0
diploma/modules/product/handler/admin.go:29.56,31.47 2 0
diploma/modules/product/handler/admin.go:31.47,34.3 2 0
diploma/modules/product/handler/admin.go:36.2,37.49 2 0
diploma/modules/product/handler/admin.go:37.49,40.3 2 0
diploma/modules/product/handler/admin.go:42.2,47.16 2 0
diploma/modules/product/handler/admin.go:47.16,50.3 2 0
diploma/modules/product/handler/admin.go:52.2,52.90 1 0
diploma/modules/product/handler/admin.go:69.56,71.47 2 0
diploma/modules/product/handler/admin.go:71.47,74.3 2 0
diploma/modules/product/handler/admin.go:76.2,77.16 2 0
diploma/modules/product/handler/admin.go:77.16,80.3 2 0
diploma/modules/product/handler/admin.go:82.2,83.49 2 0
diploma/modules/product/handler/admin.go:83.49,86.3 2 0
diploma/modules/product/handler/admin.go:88.2,94.16 2 0
diploma/modules/product/handler/admin.go:94.16,97.3 2 0
diploma/modules/product/handler/admin.go:99.2,99.85 1 0
diploma/modules/product/handler/admin.go:114.56,116.47 2 0
diploma/modules/product/handler/admin.go:116.47,119.3 2 0
diploma/modules/product/handler/admin.go:121.2,122.16 2 0
diploma/modules/product/handler/admin.go:122.16,125.3 2 0
diploma/modules/product/handler/admin.go:127.2,127.80 1 0
diploma/modules/product/handler/admin.go:127.80,130.3 2 0
diploma/modules/product/handler/admin.go:132.2,132.60 1 0
diploma/modules/product/handler/engagement.go:25.55,27.9 2 0
diploma/modules/product/handler/engagement.go:27.9,30.3 2 0
diploma/modules/product/handler/engagement.go:32.2,33.16 2 0
diploma/modules/product/handler/engagement.go:33.16,36.3 2 0
diploma/modules/product/handler/engagement.go:38.2,39.35 2 0
diploma/modules/product/handler/engagement.go:39.35,41.3 1 0
diploma/modules/product/handler/engagement.go:43.2,43.77 1 0
diploma/modules/product/handler/engagement.go:58.60,60.9 2 0
diploma/modules/product/handler/engagement.go:60.9,63.3 2 0
diploma/modules/product/handler/engagement.go:65.2,66.16 2 0
diploma/modules/product/handler/engagement.go:66.16,69.3 2 0
diploma/modules/product/handler/engagement.go:71.2,72.16 2 0
diploma/modules/product/handler/engagement.go:72.16,75.3 2 0
diploma/modules/product/handler/engagement.go:77.2,77.80 1 0
diploma/modules/product/handler/engagement.go:92.54,94.2 1 0
diploma/modules/product/handler/engagement.go:108.57,110.2 1 0
diploma/modules/product/handler/engagement.go:112.73,114.9 2 0
diploma/modules/product/handler/engagement.go:114.9,117.3 2 0
diploma/modules/product/handler/engagement.go:119.2,120.16 2 0
diploma/modules/product/handler/engagement.go:120.16,123.3 2 0
diploma/modules/product/handler/engagement.go:125.2,125.15 1 0
diploma/modules/product/handler/engagement.go:125.15,127.3 1 0
diploma/modules/product/handler/engagement.go:127.8,129.3 1 0
diploma/modules/product/handler/engagement.go:131.2,131.16 1 0
diploma/modules/product/handler/engagement.go:131.16,134.3 2 0
diploma/modules/product/handler/engagement.go:136.2,136.47 1 0
diploma/modules/product/handler/engagement.go:153.52,155.9 2 0
diploma/modules/product/handler/engagement.go:155.9,158.3 2 0
diploma/modules/product/handler/engagement.go:160.2,161.16 2 0
diploma/modules/product/handler/engagement.go:161.16,164.3 2 0
diploma/modules/product/handler/engagement.go:166.2,167.49 2 0
diploma/modules/product/handler/engagement.go:167.49,170.3 2 0
diploma/modules/product/handler/engagement.go:172.2,178.16 2 0
diploma/modules/product/handler/engagement.go:178.16,181.3 2 0
diploma/modules/product/handler/engagement.go:183.2,183.57 1 0
diploma/modules/product/handler/getProduct.go:25.53,32.16 4 0
diploma/modules/product/handler/getProduct.go:32.16,35.3 2 0
diploma/modules/product/handler/getProduct.go:37.2,39.16 3 0
diploma/modules/product/handler/getProduct.go:39.16,42.3 2 0
diploma/modules/product/handler/getProduct.go:44.2,44.20 1 0
diploma/modules/product/handler/getProduct.go:44.20,47.3 2 0
diploma/modules/product/handler/getProduct.go:49.2,49.74 1 0
diploma/modules/product/handler/getProductList.go:26.57,35.16 6 0
diploma/modules/product/handler/getProductList.go:35.16,38.3 2 0
diploma/modules/product/handler/getProductList.go:40.2,41.16 2 0
diploma/modules/product/handler/getProductList.go:41.16,44.3 2 0
diploma/modules/product/handler/getProductList.go:46.2,47.16 2 0
diploma/modules/product/handler/getProductList.go:47.16,50.3 2 0
diploma/modules/product/handler/getProductList.go:52.2,53.16 2 0
diploma/modules/product/handler/getProductList.go:53.16,56.3 2 0
diploma/modules/product/handler/getProductList.go:59.2,71.16 3 0
diploma/modules/product/handler/getProductList.go:71.16,74.3 2 0
diploma/modules/product/handler/getProductList.go:77.2,77.79 1 0
diploma/modules/product/handler/getProductList.go:91.62,94.16 3 0
diploma/modules/product/handler/getProductList.go:94.16,97.3 2 0
diploma/modules/product/handler/getProductList.go:99.2,100.16 2 0
diploma/modules/product/handler/getProductList.go:100.16,103.3 2 0
diploma/modules/product/handler/getProductList.go:105.2,105.79 1 0
diploma/modules/product/handler/getProductList.go:120.57,123.16 3 0
diploma/modules/product/handler/getProductList.go:123.16,126.3 2 0
diploma/modules/product/handler/getProductList.go:128.2,132.16 2 0
diploma/modules/product/handler/getProductList.go:132.16,135.3 2 0
diploma/modules/product/handler/getProductList.go:137.2,137.85 1 0
diploma/modules/product/handler/server.go:12.58,14.2 1 0
diploma/modules/product/handler/converter/catalog.go:8.83,12.2 1 0
diploma/modules/product/handler/converter/catalog.go:14.95,18.2 1 0
diploma/modules/product/handler/converter/catalog.go:20.97,26.2 1 0
diploma/modules/product/handler/converter/catalog.go:28.114,31.41 2 0
diploma/modules/product/handler/converter/catalog.go:31.41,33.3 1 0
diploma/modules/product/handler/converter/catalog.go:35.2,35.12 1 0
diploma/modules/product/handler/converter/catalog.go:38.72,47.2 1 0
diploma/modules/product/handler/converter/catalog.go:49.72,51.33 2 0
diploma/modules/product/handler/converter/catalog.go:51.33,60.3 1 0
diploma/modules/product/handler/converter/catalog.go:61.2,61.15 1 0
diploma/modules/product/handler/converter/catalog.go:65.89,71.2 1 0
diploma/modules/product/handler/converter/catalog.go:73.74,81.2 1 0
diploma/modules/product/handler/converter/product-list.go:8.97,18.2 1 0
diploma/modules/product/handler/converter/product-list.go:20.99,25.2 1 0
diploma/modules/product/handler/converter/product-list.go:27.73,29.29 2 0
diploma/modules/product/handler/converter/product-list.go:29.29,31.3 1 0
diploma/modules/product/handler/converter/product-list.go:33.2,33.12 1 0
diploma/modules/product/repository/product/reposotiry.go:62.40,64.2 1 0
diploma/modules/product/repository/product/reposotiry.go:67.82,84.16 3 0
diploma/modules/product/repository/product/reposotiry.go:84.16,86.3 1 0
diploma/modules/product/repository/product/reposotiry.go:88.2,104.16 4 0
diploma/modules/product/repository/product/reposotiry.go:104.16,105.27 1 0
diploma/modules/product/repository/product/reposotiry.go:105.27,107.4 1 0
diploma/modules/product/repository/product/reposotiry.go:108.3,108.59 1 0
diploma/modules/product/repository/product/reposotiry.go:111.2,111.50 1 0
diploma/modules/product/repository/product/reposotiry.go:115.102,132.16 3 0
diploma/modules/product/repository/product/reposotiry.go:132.16,134.3 1 0
diploma/modules/product/repository/product/reposotiry.go:136.2,142.16 3 0
diploma/modules/product/repository/product/reposotiry.go:142.16,144.3 1 0
diploma/modules/product/repository/product/reposotiry.go:145.2,148.18 3 0
diploma/modules/product/repository/product/reposotiry.go:148.18,160.17 3 0
diploma/modules/product/repository/product/reposotiry.go:160.17,162.4 1 0
diploma/modules/product/repository/product/reposotiry.go:163.3,163.39 1 0
diploma/modules/product/repository/product/reposotiry.go:166.2,166.35 1 0
diploma/modules/product/repository/product/reposotiry.go:166.35,168.3 1 0
diploma/modules/product/repository/product/reposotiry.go:170.2,171.35 2 0
diploma/modules/product/repository/product/reposotiry.go:171.35,173.3 1 0
diploma/modules/product/repository/product/reposotiry.go:175.2,175.20 1 0
diploma/modules/product/repository/product/reposotiry.go:179.112,197.16 3 0
diploma/modules/product/repository/product/reposotiry.go:197.16,199.3 1 0
diploma/modules/product/repository/product/reposotiry.go:201.2,207.16 3 0
diploma/modules/product/repository/product/reposotiry.go:207.16,209.3 1 0
diploma/modules/product/repository/product/reposotiry.go:210.2,213.18 3 0
diploma/modules/product/repository/product/reposotiry.go:213.18,224.17 3 0
diploma/modules/product/repository/product/reposotiry.go:224.17,226.4 1 0
diploma/modules/product/repository/product/reposotiry.go:227.3,228.32 2 0
diploma/modules/product/repository/product/reposotiry.go:231.2,231.35 1 0
diploma/modules/product/repository/product/reposotiry.go:231.35,233.3 1 0
diploma/modules/product/repository/product/reposotiry.go:235.2,235.21 1 0
diploma/modules/product/repository/product/reposotiry.go:239.113,265.26 4 0
diploma/modules/product/repository/product/reposotiry.go:265.26,267.3 1 0
diploma/modules/product/repository/product/reposotiry.go:267.8,269.3 1 0
diploma/modules/product/repository/product/reposotiry.go:270.2,270.27 1 0
diploma/modules/product/repository/product/reposotiry.go:270.27,272.3 1 0
diploma/modules/product/repository/product/reposotiry.go:274.2,275.16 2 0
diploma/modules/product/repository/product/reposotiry.go:275.16,277.3 1 0
diploma/modules/product/repository/product/reposotiry.go:279.2,285.16 3 0
diploma/modules/product/repository/product/reposotiry.go:285.16,287.3 1 0
diploma/modules/product/repository/product/reposotiry.go:288.2,291.18 3 0
diploma/modules/product/repository/product/reposotiry.go:291.18,313.17 3 0
diploma/modules/product/repository/product/reposotiry.go:313.17,315.4 1 0
diploma/modules/product/repository/product/reposotiry.go:317.3,319.39 3 0
diploma/modules/product/repository/product/reposotiry.go:322.2,322.35 1 0
diploma/modules/product/repository/product/reposotiry.go:322.35,324.3 1 0
diploma/modules/product/repository/product/reposotiry.go:326.2,326.58 1 0
diploma/modules/product/repository/product/reposotiry.go:329.98,346.16 3 0
diploma/modules/product/repository/product/reposotiry.go:346.16,348.3 1 0
diploma/modules/product/repository/product/reposotiry.go:350.2,352.16 3 0
diploma/modules/product/repository/product/reposotiry.go:352.16,354.3 1 0
diploma/modules/product/repository/product/reposotiry.go:355.2,358.18 3 0
diploma/modules/product/repository/product/reposotiry.go:358.18,360.133 2 0
diploma/modules/product/repository/product/reposotiry.go:360.133,362.4 1 0
diploma/modules/product/repository/product/reposotiry.go:363.3,363.36 1 0
diploma/modules/product/repository/product/reposotiry.go:366.2,366.35 1 0
diploma/modules/product/repository/product/reposotiry.go:366.35,368.3 1 0
diploma/modules/product/repository/product/reposotiry.go:370.2,370.21 1 0
diploma/modules/product/repository/product/reposotiry.go:373.82,382.16 3 0
diploma/modules/product/repository/product/reposotiry.go:382.16,384.3 1 0
diploma/modules/product/repository/product/reposotiry.go:386.2,388.16 3 0
diploma/modules/product/repository/product/reposotiry.go:388.16,390.3 1 0
diploma/modules/product/repository/product/reposotiry.go:392.2,392.12 1 0
diploma/modules/product/repository/product/reposotiry.go:395.96,404.16 3 0
diploma/modules/product/repository/product/reposotiry.go:404.16,406.3 1 0
diploma/modules/product/repository/product/reposotiry.go:408.2,410.16 3 0
diploma/modules/product/repository/product/reposotiry.go:410.16,412.3 1 0
diploma/modules/product/repository/product/reposotiry.go:413.2,416.18 3 0
diploma/modules/product/repository/product/reposotiry.go:416.18,418.40 2 0
diploma/modules/product/repository/product/reposotiry.go:418.40,420.4 1 0
diploma/modules/product/repository/product/reposotiry.go:421.3,421.24 1 0
diploma/modules/product/repository/product/reposotiry.go:424.2,424.24 1 0
diploma/modules/product/repository/product/reposotiry.go:427.87,435.16 3 0
diploma/modules/product/repository/product/reposotiry.go:435.16,437.3 1 0
diploma/modules/product/repository/product/reposotiry.go:439.2,441.85 3 0
diploma/modules/product/repository/product/reposotiry.go:441.85,443.3 1 0
diploma/modules/product/repository/product/reposotiry.go:444.2,444.24 1 0
diploma/modules/product/repository/product/reposotiry.go:447.80,456.16 3 0
diploma/modules/product/repository/product/reposotiry.go:456.16,458.3 1 0
diploma/modules/product/repository/product/reposotiry.go:460.2,462.16 3 0
diploma/modules/product/repository/product/reposotiry.go:462.16,464.3 1 0
diploma/modules/product/repository/product/reposotiry.go:465.2,465.12 1 0
diploma/modules/product/repository/product/reposotiry.go:468.83,475.16 3 0
diploma/modules/product/repository/product/reposotiry.go:475.16,477.3 1 0
diploma/modules/product/repository/product/reposotiry.go:479.2,481.16 3 0
diploma/modules/product/repository/product/reposotiry.go:481.16,483.3 1 0
diploma/modules/product/repository/product/reposotiry.go:484.2,484.12 1 0
diploma/modules/product/repository/product/reposotiry.go:488.103,499.16 4 0
diploma/modules/product/repository/product/reposotiry.go:499.16,501.3 1 0
diploma/modules/product/repository/product/reposotiry.go:503.2,510.16 4 0
diploma/modules/product/repository/product/reposotiry.go:510.16,512.3 1 0
diploma/modules/product/repository/product/reposotiry.go:514.2,514.19 1 0
diploma/modules/product/repository/product/reposotiry.go:517.112,528.16 3 0
diploma/modules/product/repository/product/reposotiry.go:528.16,530.3 1 0
diploma/modules/product/repository/product/reposotiry.go:532.2,538.16 3 0
diploma/modules/product/repository/product/reposotiry.go:538.16,540.3 1 0
diploma/modules/product/repository/product/reposotiry.go:541.2,544.18 3 0
diploma/modules/product/repository/product/reposotiry.go:544.18,546.48 2 0
diploma/modules/product/repository/product/reposotiry.go:546.48,548.4 1 0
diploma/modules/product/repository/product/reposotiry.go:549.3,549.48 1 0
diploma/modules/product/repository/product/reposotiry.go:552.2,552.35 1 0
diploma/modules/product/repository/product/reposotiry.go:552.35,554.3 1 0
diploma/modules/product/repository/product/reposotiry.go:556.2,556.25 1 0
diploma/modules/product/repository/product/reposotiry.go:559.107,567.16 3 0
diploma/modules/product/repository/product/reposotiry.go:567.16,569.3 1 0
diploma/modules/product/repository/product/reposotiry.go:571.2,580.16 3 0
diploma/modules/product/repository/product/reposotiry.go:580.16,582.3 1 0
diploma/modules/product/repository/product/reposotiry.go:584.2,584.50 1 0
diploma/modules/product/repository/product/reposotiry.go:587.107,598.16 3 0
diploma/modules/product/repository/product/reposotiry.go:598.16,600.3 1 0
diploma/modules/product/repository/product/reposotiry.go:602.2,611.16 3 0
diploma/modules/product/repository/product/reposotiry.go:611.16,613.3 1 0
diploma/modules/product/repository/product/reposotiry.go:615.2,615.50 1 0
diploma/modules/product/repository/product/reposotiry.go:618.74,626.28 2 0
diploma/modules/product/repository/product/reposotiry.go:626.28,627.69 1 0
diploma/modules/product/repository/product/reposotiry.go:627.69,629.4 1 0
diploma/modules/product/repository/product/reposotiry.go:632.2,632.12 1 0
diploma/modules/product/repository/product/reposotiry.go:636.105,647.16 3 0
diploma/modules/product/repository/product/reposotiry.go:647.16,649.3 1 0
diploma/modules/product/repository/product/reposotiry.go:651.2,658.16 4 0
diploma/modules/product/repository/product/reposotiry.go:658.16,659.27 1 0
diploma/modules/product/repository/product/reposotiry.go:659.27,661.4 1 0
diploma/modules/product/repository/product/reposotiry.go:662.3,662.63 1 0
diploma/modules/product/repository/product/reposotiry.go:664.2,664.19 1 0
diploma/modules/product/repository/product/reposotiry.go:667.109,668.23 1 0
diploma/modules/product/repository/product/reposotiry.go:668.23,670.3 1 0
diploma/modules/product/repository/product/reposotiry.go:672.2,672.29 1 0
diploma/modules/product/repository/product/reposotiry.go:672.29,674.3 1 0
diploma/modules/product/repository/product/reposotiry.go:676.2,676.29 1 0
diploma/modules/product/repository/product/reposotiry.go:676.29,678.3 1 0
diploma/modules/product/repository/product/reposotiry.go:680.2,680.29 1 0
diploma/modules/product/repository/product/reposotiry.go:680.29,682.3 1 0
diploma/modules/product/repository/product/reposotiry.go:684.2,684.16 1 0
diploma/modules/product/repository/product/reposotiry.go:687.109,691.23 3 0
diploma/modules/product/repository/product/reposotiry.go:691.23,692.45 1 0
diploma/modules/product/repository/product/reposotiry.go:693.15,694.28 1 0
diploma/modules/product/repository/product/reposotiry.go:695.16,696.49 1 0
diploma/modules/product/repository/product/reposotiry.go:697.17,698.26 1 0
diploma/modules/product/repository/product/reposotiry.go:701.3,701.53 1 0
diploma/modules/product/repository/product/reposotiry.go:701.53,703.4 1 0
diploma/modules/product/repository/product/reposotiry.go:706.2,706.67 1 0
diploma/modules/product/repository/product/converter/product.go:8.59,20.2 1 0
diploma/modules/product/repository/product/converter/product.go:22.70,24.25 2 0
diploma/modules/product/repository/product/converter/product.go:24.25,26.3 1 0
diploma/modules/product/repository/product/converter/product.go:27.2,27.15 1 0
diploma/modules/product/repository/product/converter/product.go:31.60,43.2 1 0
diploma/modules/product/repository/product/converter/product.go:45.84,51.2 1 0
diploma/modules/product/repository/product/converter/product.go:53.62,61.2 1 0
diploma/modules/supplier/handler/handler.go:7.60,9.2 1 0
diploma/modules/supplier/repo/converter/supplier.go:8.76,17.2 1 0
diploma/modules/supplier/repo/converter/supplier.go:19.84,21.29 2 0
diploma/modules/supplier/repo/converter/supplier.go:21.29,23.3 1 0
diploma/modules/supplier/repo/converter/supplier.go:24.2,24.23 1 0
diploma/modules/supplier/service/service.go:14.77,20.2 1 0
diploma/modules/supplier/service/supplier.go:8.107,10.2 1 0
diploma/modules/supplier/service/supplier.go:12.96,14.16 2 0
diploma/modules/supplier/service/supplier.go:14.16,16.3 1 0
diploma/modules/supplier/service/supplier.go:17.2,17.26 1 0
diploma/modules/user/routes.go:9.70,11.2 2 0
diploma/modules/user/routes.go:11.2,17.3 5 0
diploma/modules/supplier/repo/repo.go:24.48,26.2 1 0
diploma/modules/supplier/repo/supplier.go:13.104,30.16 3 0
diploma/modules/supplier/repo/supplier.go:30.16,32.3 1 0
diploma/modules/supplier/repo/supplier.go:34.2,40.16 3 0
diploma/modules/supplier/repo/supplier.go:40.16,42.3 1 0
diploma/modules/supplier/repo/supplier.go:43.2,46.18 3 0
diploma/modules/supplier/repo/supplier.go:46.18,54.17 2 0
diploma/modules/supplier/repo/supplier.go:54.17,56.4 1 0
diploma/modules/supplier/repo/supplier.go:57.3,57.31 1 0
diploma/modules/supplier/repo/supplier.go:59.2,59.35 1 0
diploma/modules/supplier/repo/supplier.go:59.35,61.3 1 0
diploma/modules/supplier/repo/supplier.go:62.2,62.62 1 0
diploma/modules/user/handler/address.go:33.50,37.26 2 0
diploma/modules/user/handler/address.go:37.26,40.3 2 0
diploma/modules/user/handler/address.go:42.2,43.49 2 0
diploma/modules/user/handler/address.go:43.49,46.3 2 0
diploma/modules/user/handler/address.go:47.2,48.16 2 0
diploma/modules/user/handler/address.go:48.16,51.3 2 0
diploma/modules/user/handler/address.go:53.2,53.46 1 0
diploma/modules/user/handler/address.go:66.50,70.26 2 0
diploma/modules/user/handler/address.go:70.26,73.3 2 0
diploma/modules/user/handler/address.go:75.2,77.16 2 0
diploma/modules/user/handler/address.go:77.16,80.3 2 0
diploma/modules/user/handler/address.go:82.2,82.117 1 0
diploma/modules/user/handler/profile.go:22.54,24.26 2 0
diploma/modules/user/handler/profile.go:24.26,27.3 2 0
diploma/modules/user/handler/profile.go:29.2,30.16 2 0
diploma/modules/user/handler/profile.go:30.16,34.3 2 0
diploma/modules/user/handler/profile.go:36.2,38.4 1 0
diploma/modules/user/handler/profile.go:54.57,56.26 2 0
diploma/modules/user/handler/profile.go:56.26,59.3 2 0
diploma/modules/user/handler/profile.go:61.2,62.47 2 0
diploma/modules/user/handler/profile.go:62.47,65.3 2 0
diploma/modules/user/handler/profile.go:67.2,68.16 2 0
diploma/modules/user/handler/profile.go:68.16,71.3 2 0
diploma/modules/user/handler/profile.go:73.2,75.4 1 0
diploma/modules/user/handler/profile.go:88.51,90.9 2 0
diploma/modules/user/handler/profile.go:90.9,93.3 2 0
diploma/modules/user/handler/profile.go:95.2,96.16 2 0
diploma/modules/user/handler/profile.go:96.16,99.3 2 0
diploma/modules/user/handler/profile.go:101.2,101.44 1 0
diploma/modules/user/handler/server.go:12.52,14.2 1 0
diploma/modules/user/handler/converter/address.go:8.82,14.2 1 0
diploma/modules/user/handler/converter/address.go:16.68,22.2 1 0
diploma/modules/user/handler/converter/address.go:24.76,26.32 2 0
diploma/modules/user/handler/converter/address.go:26.32,28.3 1 0
diploma/modules/user/handler/converter/address.go:29.2,29.20 1 0
diploma/modules/user/handler/converter/user.go:8.59,15.2 1 0
diploma/modules/user/handler/converter/user.go:17.86,23.2 1 0
diploma/pkg/client/db/prettier/query_prettier.go:14.67,15.29 1 0
diploma/pkg/client/db/prettier/query_prettier.go:15.29,17.28 2 0
diploma/pkg/client/db/prettier/query_prettier.go:18.15,19.32 1 0
diploma/pkg/client/db/prettier/query_prettier.go:20.15,21.40 1 0
diploma/pkg/client/db/prettier/query_prettier.go:22.11,23.32 1 0
diploma/pkg/client/db/prettier/query_prettier.go:26.3,26.97 1 0
diploma/pkg/client/db/prettier/query_prettier.go:29.2,32.33 3 0
diploma/modules/user/service/address.go:17.87,20.72 2 0
diploma/modules/user/service/address.go:20.72,23.19 3 0
diploma/modules/user/service/address.go:23.19,25.4 1 0
diploma/modules/user/service/address.go:27.3,27.13 1 0
diploma/modules/user/service/address.go:30.2,30.16 1 0
diploma/modules/user/service/address.go:30.16,32.3 1 0
diploma/modules/user/service/address.go:34.2,34.16 1 0
diploma/modules/user/service/address.go:37.88,40.72 2 0
diploma/modules/user/service/address.go:40.72,43.19 3 0
diploma/modules/user/service/address.go:43.19,45.4 1 0
diploma/modules/user/service/address.go:47.3,47.13 1 0
diploma/modules/user/service/address.go:50.2,50.16 1 0
diploma/modules/user/service/address.go:50.16,52.3 1 0
diploma/modules/user/service/address.go:54.2,54.24 1 0
diploma/modules/user/service/service.go:17.13,22.2 1 0
diploma/modules/user/service/user.go:8.80,10.16 2 0
diploma/modules/user/service/user.go:10.16,12.3 1 0
diploma/modules/user/service/user.go:14.2,15.16 2 0
diploma/modules/user/service/user.go:15.16,17.3 1 0
diploma/modules/user/service/user.go:19.2,19.26 1 0
diploma/modules/user/service/user.go:19.26,21.3 1 0
diploma/modules/user/service/user.go:23.2,23.18 1 0
diploma/modules/user/service/user.go:26.89,28.72 2 0
diploma/modules/user/service/user.go:28.72,30.19 2 0
diploma/modules/user/service/user.go:30.19,32.4 1 0
diploma/modules/user/service/user.go:33.3,34.19 2 0
diploma/modules/user/service/user.go:34.19,36.4 1 0
diploma/modules/user/service/user.go:37.3,37.13 1 0
diploma/modules/user/service/user.go:40.2,40.16 1 0
diploma/modules/user/service/user.go:40.16,42.3 1 0
diploma/modules/user/service/user.go:44.2,44.21 1 0
diploma/modules/user/service/user.go:47.80,49.16 2 0
diploma/modules/user/service/user.go:49.16,51.3 1 0
diploma/modules/user/service/user.go:52.2,52.23 1 0
diploma/modules/user/repository/address.go:21.86,29.16 3 0
diploma/modules/user/repository/address.go:29.16,31.3 1 0
diploma/modules/user/repository/address.go:33.2,40.16 4 0
diploma/modules/user/repository/address.go:40.16,42.3 1 0
diploma/modules/user/repository/address.go:44.2,44.16 1 0
diploma/modules/user/repository/address.go:47.92,53.16 3 0
diploma/modules/user/repository/address.go:53.16,55.3 1 0
diploma/modules/user/repository/address.go:57.2,63.16 3 0
diploma/modules/user/repository/address.go:63.16,65.3 1 0
diploma/modules/user/repository/address.go:66.2,69.18 3 0
diploma/modules/user/repository/address.go:69.18,71.91 2 0
diploma/modules/user/repository/address.go:71.91,73.4 1 0
diploma/modules/user/repository/address.go:74.3,74.38 1 0
diploma/modules/user/repository/address.go:77.2,77.34 1 0
diploma/modules/user/repository/address.go:77.34,79.3 1 0
diploma/modules/user/repository/address.go:81.2,81.23 1 0
diploma/modules/user/repository/address.go:84.79,91.16 3 0
diploma/modules/user/repository/address.go:91.16,93.3 1 0
diploma/modules/user/repository/address.go:95.2,102.16 4 0
diploma/modules/user/repository/address.go:102.16,104.3 1 0
diploma/modules/user/repository/address.go:106.2,106.19 1 0
diploma/modules/user/repository/address.go:109.88,118.16 3 0
diploma/modules/user/repository/address.go:118.16,120.3 1 0
diploma/modules/user/repository/address.go:122.2,128.12 3 0
diploma/modules/user/repository/address.go:131.60,137.16 3 0
diploma/modules/user/repository/address.go:137.16,139.3 1 0
diploma/modules/user/repository/address.go:141.2,147.12 3 0
diploma/modules/user/repository/reposotiry.go:11.40,13.2 1 0
diploma/modules/user/repository/user.go:20.76,27.16 3 0
diploma/modules/user/repository/user.go:27.16,29.3 1 0
diploma/modules/user/repository/user.go:31.2,38.16 4 0
diploma/modules/user/repository/user.go:38.16,40.3 1 0
diploma/modules/user/repository/user.go:42.2,42.18 1 0
diploma/modules/user/repository/user.go:45.71,51.21 2 0
diploma/modules/user/repository/user.go:51.21,53.3 1 0
diploma/modules/user/repository/user.go:54.2,54.28 1 0
diploma/modules/user/repository/user.go:54.28,56.3 1 0
diploma/modules/user/repository/user.go:58.2,59.16 2 0
diploma/modules/user/repository/user.go:59.16,61.3 1 0
diploma/modules/user/repository/user.go:63.2,69.12 3 0
diploma/pkg/client/db/pg/client.go:15.62,17.16 2 0
diploma/pkg/client/db/pg/client.go:17.16,19.3 1 0
diploma/pkg/client/db/pg/client.go:21.2,23.8 1 0
diploma/pkg/client/db/pg/client.go:26.31,28.2 1 0
diploma/pkg/client/db/pg/client.go:30.34,31.24 1 0
diploma/pkg/client/db/pg/client.go:31.24,33.3 1 0
diploma/pkg/client/db/pg/client.go:35.2,35.12 1 0
diploma/pkg/client/db/pg/pg.go:26.37,30.2 1 0
diploma/pkg/client/db/pg/pg.go:32.107,36.16 3 0
diploma/pkg/client/db/pg/pg.go:36.16,38.3 1 0
diploma/pkg/client/db/pg/pg.go:40.2,40.35 1 0
diploma/pkg/client/db/pg/pg.go:43.107,47.16 3 0
diploma/pkg/client/db/pg/pg.go:47.16,49.3 1 0
diploma/pkg/client/db/pg/pg.go:51.2,51.36 1 0
diploma/pkg/client/db/pg/pg.go:54.107,58.8 3 0
diploma/pkg/client/db/pg/pg.go:58.8,60.3 1 0
diploma/pkg/client/db/pg/pg.go:62.2,62.45 1 0
diploma/pkg/client/db/pg/pg.go:65.99,69.8 3 0
diploma/pkg/client/db/pg/pg.go:69.8,71.3 1 0
diploma/pkg/client/db/pg/pg.go:73.2,73.46 1 0
diploma/pkg/client/db/pg/pg.go:76.92,80.8 3 0
diploma/pkg/client/db/pg/pg.go:80.8,82.3 1 0
diploma/pkg/client/db/pg/pg.go:84.2,84.49 1 0
diploma/pkg/client/db/pg/pg.go:87.84,89.2 1 0
diploma/pkg/client/db/pg/pg.go:91.46,93.2 1 0
diploma/pkg/client/db/pg/pg.go:95.22,97.2 1 0
diploma/pkg/client/db/pg/pg.go:99.68,101.2 1 0
diploma/pkg/client/db/pg/pg.go:103.69,110.2 2 0
diploma/pkg/closer/closer.go:13.29,15.2 1 0
diploma/pkg/closer/closer.go:18.13,20.2 1 0
diploma/pkg/closer/closer.go:23.17,25.2 1 0
diploma/pkg/closer/closer.go:36.36,38.18 2 0
diploma/pkg/closer/closer.go:38.18,39.13 1 0
diploma/pkg/closer/closer.go:39.13,45.4 5 0
diploma/pkg/closer/closer.go:47.2,47.10 1 0
diploma/pkg/closer/closer.go:51.41,55.2 3 0
diploma/pkg/closer/closer.go:58.25,60.2 1 0
diploma/pkg/closer/closer.go:63.29,64.19 1 0
diploma/pkg/closer/closer.go:64.19,74.27 7 0
diploma/pkg/closer/closer.go:74.27,75.28 1 0
diploma/pkg/closer/closer.go:75.28,77.5 1 0
diploma/pkg/closer/closer.go:80.3,80.34 1 0
diploma/pkg/closer/closer.go:80.34,81.33 1 0
diploma/pkg/closer/closer.go:81.33,83.5 1 0
diploma/pkg/client/db/transaction/transaction.go:17.59,21.2 1 0
diploma/pkg/client/db/transaction/transaction.go:24.99,27.8 2 0
diploma/pkg/client/db/transaction/transaction.go:27.8,29.3 1 0
diploma/pkg/client/db/transaction/transaction.go:32.2,33.16 2 0
diploma/pkg/client/db/transaction/transaction.go:33.16,35.3 1 0
diploma/pkg/client/db/transaction/transaction.go:38.2,41.15 2 0
diploma/pkg/client/db/transaction/transaction.go:41.15,43.31 1 0
diploma/pkg/client/db/transaction/transaction.go:43.31,45.4 1 0
diploma/pkg/client/db/transaction/transaction.go:48.3,48.17 1 0
diploma/pkg/client/db/transaction/transaction.go:48.17,49.59 1 0
diploma/pkg/client/db/transaction/transaction.go:49.59,51.5 1 0
diploma/pkg/client/db/transaction/transaction.go:53.4,53.10 1 0
diploma/pkg/client/db/transaction/transaction.go:57.3,57.17 1 0
diploma/pkg/client/db/transaction/transaction.go:57.17,59.18 2 0
diploma/pkg/client/db/transaction/transaction.go:59.18,61.5 1 0
diploma/pkg/client/db/transaction/transaction.go:68.2,68.31 1 0
diploma/pkg/client/db/transaction/transaction.go:68.31,70.3 1 0
diploma/pkg/client/db/transaction/transaction.go:72.2,72.12 1 0
diploma/pkg/client/db/transaction/transaction.go:75.74,78.2 2 0
diploma/pkg/logger/logger.go:18.27,19.17 1 0
diploma/pkg/logger/logger.go:19.17,28.17 5 0
diploma/pkg/logger/logger.go:28.17,31.4 1 0
diploma/pkg/logger/logger.go:33.2,33.12 1 0
diploma/pkg/logger/logger.go:37.43,40.33 2 0
diploma/pkg/logger/logger.go:40.33,44.3 3 0
diploma/pkg/logger/logger.go:44.8,47.3 2 0
diploma/pkg/logger/logger.go:49.2,54.16 3 0
diploma/pkg/logger/logger.go:54.16,56.3 1 0
diploma/pkg/logger/logger.go:59.2,61.12 3 0
diploma/pkg/logger/logger.go:65.53,67.2 1 0
diploma/pkg/logger/logger.go:70.45,72.2 1 0
diploma/pkg/logger/logger.go:75.44,77.2 1 0
diploma/pkg/logger/logger.go:80.44,82.2 1 0
diploma/pkg/logger/logger.go:85.45,87.2 1 0
diploma/pkg/logger/logger.go:90.45,93.2 2 0
diploma/pkg/logger/logger.go:96.19,98.2 1 0
diploma/pkg/metrics/metrics.go:70.13,75.2 4 0
diploma/pkg/metrics/metrics.go:78.42,79.30 1 0
diploma/pkg/metrics/metrics.go:79.30,100.20 9 0
diploma/pkg/metrics/metrics.go:100.20,102.4 1 0
diploma/pkg/metrics/metrics.go:107.50,109.2 1 0
diploma/pkg/password-util/password-util.go:11.52,13.16 2 0
diploma/pkg/password-util/password-util.go:13.16,15.3 1 0
diploma/pkg/password-util/password-util.go:16.2,16.27 1 0
diploma/pkg/password-util/password-util.go:19.52,22.2 2 0
diploma/pkg/service/base.go:16.53,20.2 1 0
diploma/pkg/service/base.go:23.41,24.18 1 0
diploma/pkg/service/base.go:24.18,26.3 1 0
diploma/pkg/service/base.go:27.2,27.14 1 0
diploma/pkg/service/base.go:31.85,33.2 1 0
diploma/pkg/service/base.go:36.97,38.2 1 0
diploma/pkg/service/base.go:41.86,43.2 1 0
diploma/pkg/service/base.go:46.85,48.2 1 0
diploma/pkg/service/base.go:51.60,55.52 2 0
diploma/pkg/service/base.go:55.52,57.3 1 0
diploma/pkg/service/base.go:60.2,60.51 1 0
diploma/pkg/service/base.go:60.51,62.3 1 0
diploma/pkg/service/base.go:64.2,64.15 1 0
diploma/pkg/validator/validator.go:17.34,19.2 1 0
diploma/pkg/validator/validator.go:21.56,22.26 1 0
diploma/pkg/validator/validator.go:22.26,24.3 1 0
diploma/pkg/validator/validator.go:25.2,25.46 1 0
diploma/pkg/validator/validator.go:25.46,27.3 1 0
diploma/pkg/validator/validator.go:30.62,31.9 1 0
diploma/pkg/validator/validator.go:31.9,33.3 1 0
diploma/pkg/validator/validator.go:36.34,38.2 1 0
diploma/pkg/validator/validator.go:40.37,42.2 1 0
diploma/pkg/validator/validator.go:44.41,46.2 1 0
diploma/pkg/validator/validator.go:48.41,50.2 1 0
diploma/pkg/validator/validator.go:52.33,55.2 2 0
diploma/pkg/validator/validator.go:57.30,59.2 1 0
diploma/pkg/validator/validator.go:61.36,62.29 1 0
diploma/pkg/validator/validator.go:62.29,64.3 1 0
diploma/pkg/validator/validator.go:66.2,67.40 2 0
diploma/pkg/validator/validator.go:67.40,69.3 1 0
diploma/pkg/validator/validator.go:71.2,72.83 2 0
